info: Server started at port : 8080 {"timestamp":"2025-08-28T05:23:40.316Z"}
info: Database synced successfully {"timestamp":"2025-08-28T05:23:41.867Z"}
info: POST /users/login | User: Anonymous | Status: 200 | 189ms {"timestamp":"2025-08-28T05:24:30.570Z"}
info: GET /users/getCurrentuser | User: sameer_30 | Status: 304 | 107ms {"timestamp":"2025-08-28T05:24:30.686Z"}
info: GET /uploads/1756284833830-image.jpeg | User: Anonymous | Status: 304 | 3ms {"timestamp":"2025-08-28T05:24:31.217Z"}
info: POST /post/getFeeds | User: sameer_30 | Status: 200 | 150ms {"timestamp":"2025-08-28T05:24:31.399Z"}
info: GET /uploads/1756226800305-image.jpeg | User: Anonymous | Status: 304 | 2ms {"timestamp":"2025-08-28T05:24:31.425Z"}
info: GET /uploads/1756185339062-image.jpeg | User: Anonymous | Status: 304 | 1ms {"timestamp":"2025-08-28T05:24:31.428Z"}
info: GET /uploads/1756189953803-image.jpeg | User: Anonymous | Status: 304 | 1ms {"timestamp":"2025-08-28T05:24:31.429Z"}
info: GET /follow/following | User: sameer_30 | Status: 304 | 166ms {"timestamp":"2025-08-28T05:24:41.974Z"}
info: GET /uploads/1755952069305-image.webp | User: Anonymous | Status: 304 | 2ms {"timestamp":"2025-08-28T05:24:41.984Z"}
info: GET /uploads/1756054540618-image.jpeg | User: Anonymous | Status: 304 | 1ms {"timestamp":"2025-08-28T05:24:41.986Z"}
info: GET /uploads/1756103191568-image.jpeg | User: Anonymous | Status: 304 | 0ms {"timestamp":"2025-08-28T05:24:41.987Z"}
info: GET /uploads/1756099045626-image.jpeg | User: Anonymous | Status: 304 | 0ms {"timestamp":"2025-08-28T05:24:41.988Z"}
info: GET /uploads/1756103440677-image.jpeg | User: Anonymous | Status: 304 | 1ms {"timestamp":"2025-08-28T05:24:41.990Z"}
info: GET /uploads/1756103299727-image.jpg | User: Anonymous | Status: 304 | 1ms {"timestamp":"2025-08-28T05:24:41.991Z"}
info: POST /post/getFeeds | User: sameer_30 | Status: 200 | 155ms {"timestamp":"2025-08-28T05:24:45.878Z"}
info: POST /post/search | User: sameer_30 | Status: 200 | 330ms {"timestamp":"2025-08-28T05:24:49.489Z"}
info: GET /uploads/1756022537571-image.webp | User: Anonymous | Status: 304 | 1ms {"timestamp":"2025-08-28T05:24:49.497Z"}
info: GET /uploads/1756022236134-image.jpeg | User: Anonymous | Status: 304 | 1ms {"timestamp":"2025-08-28T05:24:49.499Z"}
info: GET /uploads/1756034723744-image.jpeg | User: Anonymous | Status: 304 | 1ms {"timestamp":"2025-08-28T05:24:49.499Z"}
info: POST /post/search | User: sameer_30 | Status: 200 | 195ms {"timestamp":"2025-08-28T05:24:58.084Z"}
info: POST /post/search | User: sameer_30 | Status: 200 | 21ms {"timestamp":"2025-08-28T05:24:58.248Z"}
info: POST /post/search | User: sameer_30 | Status: 200 | 25ms {"timestamp":"2025-08-28T05:24:59.986Z"}
info: POST /post/search | User: sameer_30 | Status: 200 | 170ms {"timestamp":"2025-08-28T05:25:00.530Z"}
info: GET /follow/following | User: sameer_30 | Status: 304 | 151ms {"timestamp":"2025-08-28T05:25:03.695Z"}
info: GET /uploads/1755952069305-image.webp | User: Anonymous | Status: 304 | 1ms {"timestamp":"2025-08-28T05:25:03.701Z"}
info: GET /uploads/1756054540618-image.jpeg | User: Anonymous | Status: 304 | 1ms {"timestamp":"2025-08-28T05:25:03.703Z"}
info: GET /uploads/1756103191568-image.jpeg | User: Anonymous | Status: 304 | 0ms {"timestamp":"2025-08-28T05:25:03.703Z"}
info: GET /uploads/1756099045626-image.jpeg | User: Anonymous | Status: 304 | 0ms {"timestamp":"2025-08-28T05:25:03.704Z"}
info: GET /uploads/1756103440677-image.jpeg | User: Anonymous | Status: 304 | 1ms {"timestamp":"2025-08-28T05:25:03.706Z"}
info: GET /uploads/1756103299727-image.jpg | User: Anonymous | Status: 304 | 0ms {"timestamp":"2025-08-28T05:25:03.706Z"}
info: POST /post/getFeeds | User: sameer_30 | Status: 200 | 149ms {"timestamp":"2025-08-28T05:25:11.685Z"}
info: GET /uploads/1756226800305-image.jpeg | User: Anonymous | Status: 304 | 3ms {"timestamp":"2025-08-28T05:25:11.707Z"}
info: GET /uploads/1756189953803-image.jpeg | User: Anonymous | Status: 304 | 1ms {"timestamp":"2025-08-28T05:25:11.710Z"}
info: GET /uploads/1756185339062-image.jpeg | User: Anonymous | Status: 304 | 1ms {"timestamp":"2025-08-28T05:25:11.710Z"}
info: POST /post/search | User: sameer_30 | Status: 200 | 170ms {"timestamp":"2025-08-28T05:25:14.894Z"}
info: POST /post/search | User: sameer_30 | Status: 200 | 47ms {"timestamp":"2025-08-28T05:25:19.692Z"}
info: POST /post/getFeeds | User: sameer_30 | Status: 200 | 157ms {"timestamp":"2025-08-28T05:25:21.878Z"}
info: GET /users/getCurrentuser | User: sameer_30 | Status: 304 | 158ms {"timestamp":"2025-08-28T05:25:21.878Z"}
info: GET /uploads/1756284833830-image.jpeg | User: Anonymous | Status: 304 | 0ms {"timestamp":"2025-08-28T05:25:21.881Z"}
info: GET /uploads/1756226800305-image.jpeg | User: Anonymous | Status: 304 | 0ms {"timestamp":"2025-08-28T05:25:21.881Z"}
info: GET /uploads/1756189953803-image.jpeg | User: Anonymous | Status: 304 | 0ms {"timestamp":"2025-08-28T05:25:21.883Z"}
info: GET /uploads/1756185339062-image.jpeg | User: Anonymous | Status: 304 | 0ms {"timestamp":"2025-08-28T05:25:21.885Z"}
info: POST /post/search | User: sameer_30 | Status: 200 | 35ms {"timestamp":"2025-08-28T05:25:27.959Z"}
info: POST /post/getFeeds | User: sameer_30 | Status: 200 | 181ms {"timestamp":"2025-08-28T05:25:31.437Z"}
info: GET /uploads/1756284833830-image.jpeg | User: Anonymous | Status: 304 | 0ms {"timestamp":"2025-08-28T05:25:31.438Z"}
info: GET /uploads/1756226800305-image.jpeg | User: Anonymous | Status: 304 | 0ms {"timestamp":"2025-08-28T05:25:31.440Z"}
info: GET /uploads/1756189953803-image.jpeg | User: Anonymous | Status: 304 | 1ms {"timestamp":"2025-08-28T05:25:31.441Z"}
info: GET /uploads/1756185339062-image.jpeg | User: Anonymous | Status: 304 | 0ms {"timestamp":"2025-08-28T05:25:31.442Z"}
info: GET /users/getCurrentuser | User: sameer_30 | Status: 304 | 207ms {"timestamp":"2025-08-28T05:25:31.461Z"}
info: POST /users/login | User: Anonymous | Status: 200 | 169ms {"timestamp":"2025-08-28T05:25:40.359Z"}
info: GET /users/getCurrentuser | User: sameer_13 | Status: 200 | 101ms {"timestamp":"2025-08-28T05:25:40.462Z"}
info: GET /uploads/1756099045626-image.jpeg | User: Anonymous | Status: 304 | 1ms {"timestamp":"2025-08-28T05:25:40.982Z"}
info: POST /post/getFeeds | User: sameer_13 | Status: 200 | 138ms {"timestamp":"2025-08-28T05:25:41.122Z"}
info: GET /uploads/1756094784290-image.jpeg | User: Anonymous | Status: 304 | 1ms {"timestamp":"2025-08-28T05:25:41.129Z"}
info: GET /uploads/1756094809715-image.jpeg | User: Anonymous | Status: 304 | 3ms {"timestamp":"2025-08-28T05:25:41.131Z"}
info: GET /uploads/1756054540618-image.jpeg | User: Anonymous | Status: 304 | 3ms {"timestamp":"2025-08-28T05:25:41.131Z"}
info: GET /uploads/1756054592501-image.jpeg | User: Anonymous | Status: 304 | 4ms {"timestamp":"2025-08-28T05:25:41.133Z"}
info: GET /uploads/1756101152515-image.jpeg | User: Anonymous | Status: 304 | 2ms {"timestamp":"2025-08-28T05:25:41.134Z"}
info: GET /uploads/1755952069305-image.webp | User: Anonymous | Status: 304 | 1ms {"timestamp":"2025-08-28T05:25:41.135Z"}
info: GET /uploads/1755763343674-image.webp | User: Anonymous | Status: 304 | 1ms {"timestamp":"2025-08-28T05:25:41.135Z"}
info: GET /uploads/1756101251294-image.webp | User: Anonymous | Status: 304 | 2ms {"timestamp":"2025-08-28T05:25:41.136Z"}
info: GET /uploads/1755679093845-image.webp | User: Anonymous | Status: 304 | 3ms {"timestamp":"2025-08-28T05:25:41.137Z"}
info: GET /uploads/1755678081309-image.webp | User: Anonymous | Status: 304 | 1ms {"timestamp":"2025-08-28T05:25:41.137Z"}
info: POST /post/search | User: sameer_13 | Status: 200 | 23ms {"timestamp":"2025-08-28T05:25:50.163Z"}
info: GET /follow/following | User: sameer_13 | Status: 200 | 145ms {"timestamp":"2025-08-28T05:25:52.763Z"}
info: GET /uploads/1756094784290-image.jpeg | User: Anonymous | Status: 304 | 1ms {"timestamp":"2025-08-28T05:25:52.769Z"}
info: GET /uploads/1756054540618-image.jpeg | User: Anonymous | Status: 304 | 1ms {"timestamp":"2025-08-28T05:25:52.771Z"}
info: GET /uploads/1755952069305-image.webp | User: Anonymous | Status: 304 | 0ms {"timestamp":"2025-08-28T05:25:52.771Z"}
info: POST /users/search | User: sameer_13 | Status: 200 | 160ms {"timestamp":"2025-08-28T05:26:00.964Z"}
info: GET /uploads/1756103440677-image.jpeg | User: Anonymous | Status: 304 | 0ms {"timestamp":"2025-08-28T05:26:00.970Z"}
info: POST /follow/add | User: sameer_13 | Status: 202 | 12ms {"timestamp":"2025-08-28T05:26:02.815Z"}
info: GET /users/getCurrentuser | User: sameer_13 | Status: 304 | 164ms {"timestamp":"2025-08-28T05:26:02.983Z"}
info: POST /post/getFeeds | User: sameer_13 | Status: 200 | 154ms {"timestamp":"2025-08-28T05:26:04.483Z"}
info: GET /uploads/1756094784290-image.jpeg | User: Anonymous | Status: 304 | 1ms {"timestamp":"2025-08-28T05:26:04.494Z"}
info: GET /uploads/1756094809715-image.jpeg | User: Anonymous | Status: 304 | 0ms {"timestamp":"2025-08-28T05:26:04.494Z"}
info: GET /uploads/1756054540618-image.jpeg | User: Anonymous | Status: 304 | 0ms {"timestamp":"2025-08-28T05:26:04.495Z"}
info: GET /uploads/1756101251294-image.webp | User: Anonymous | Status: 304 | 1ms {"timestamp":"2025-08-28T05:26:04.496Z"}
info: GET /uploads/1756101152515-image.jpeg | User: Anonymous | Status: 304 | 0ms {"timestamp":"2025-08-28T05:26:04.496Z"}
info: GET /uploads/1756054592501-image.jpeg | User: Anonymous | Status: 304 | 0ms {"timestamp":"2025-08-28T05:26:04.496Z"}
info: GET /uploads/1755952069305-image.webp | User: Anonymous | Status: 304 | 1ms {"timestamp":"2025-08-28T05:26:04.497Z"}
info: GET /uploads/1756103496131-image.jpeg | User: Anonymous | Status: 304 | 1ms {"timestamp":"2025-08-28T05:26:04.497Z"}
info: GET /uploads/1755763343674-image.webp | User: Anonymous | Status: 304 | 0ms {"timestamp":"2025-08-28T05:26:04.497Z"}
info: GET /uploads/1755679093845-image.webp | User: Anonymous | Status: 304 | 1ms {"timestamp":"2025-08-28T05:26:04.498Z"}
info: GET /uploads/1755678081309-image.webp | User: Anonymous | Status: 304 | 0ms {"timestamp":"2025-08-28T05:26:04.498Z"}
info: POST /like/add | User: sameer_13 | Status: 201 | 389ms {"timestamp":"2025-08-28T05:26:07.767Z"}
info: POST /post/search | User: sameer_13 | Status: 200 | 171ms {"timestamp":"2025-08-28T05:26:12.848Z"}
info: POST /post/search | User: sameer_13 | Status: 200 | 22ms {"timestamp":"2025-08-28T05:26:16.526Z"}
info: POST /post/search | User: sameer_13 | Status: 200 | 161ms {"timestamp":"2025-08-28T05:26:17.403Z"}
info: POST /post/search | User: sameer_13 | Status: 200 | 23ms {"timestamp":"2025-08-28T05:26:22.558Z"}
info: POST /post/search | User: sameer_13 | Status: 200 | 21ms {"timestamp":"2025-08-28T05:26:26.663Z"}
info: POST /post/search | User: sameer_13 | Status: 200 | 9ms {"timestamp":"2025-08-28T05:26:28.709Z"}
info: POST /post/search | User: sameer_13 | Status: 200 | 21ms {"timestamp":"2025-08-28T05:26:31.490Z"}
info: POST /post/search | User: sameer_13 | Status: 200 | 173ms {"timestamp":"2025-08-28T05:26:32.488Z"}
info: GET /uploads/1756101152515-image.jpeg | User: Anonymous | Status: 304 | 1ms {"timestamp":"2025-08-28T05:26:32.492Z"}
info: GET /uploads/1756101251294-image.webp | User: Anonymous | Status: 304 | 1ms {"timestamp":"2025-08-28T05:26:32.493Z"}
info: POST /post/search | User: sameer_13 | Status: 200 | 22ms {"timestamp":"2025-08-28T05:26:38.032Z"}
info: POST /post/getFeeds | User: sameer_13 | Status: 200 | 187ms {"timestamp":"2025-08-28T05:26:43.343Z"}
info: GET /uploads/1756103440677-image.jpeg | User: Anonymous | Status: 304 | 1ms {"timestamp":"2025-08-28T05:26:43.355Z"}
info: GET /uploads/1756103496131-image.jpeg | User: Anonymous | Status: 304 | 0ms {"timestamp":"2025-08-28T05:26:43.356Z"}
info: GET /uploads/1755952069305-image.webp | User: Anonymous | Status: 304 | 0ms {"timestamp":"2025-08-28T05:26:43.357Z"}
info: GET /uploads/1756094784290-image.jpeg | User: Anonymous | Status: 304 | 1ms {"timestamp":"2025-08-28T05:26:43.358Z"}
info: GET /uploads/1755763343674-image.webp | User: Anonymous | Status: 304 | 0ms {"timestamp":"2025-08-28T05:26:43.359Z"}
info: GET /uploads/1756094809715-image.jpeg | User: Anonymous | Status: 304 | 1ms {"timestamp":"2025-08-28T05:26:43.360Z"}
info: GET /uploads/1755679093845-image.webp | User: Anonymous | Status: 304 | 1ms {"timestamp":"2025-08-28T05:26:43.360Z"}
info: GET /uploads/1756054540618-image.jpeg | User: Anonymous | Status: 304 | 0ms {"timestamp":"2025-08-28T05:26:43.360Z"}
info: GET /uploads/1755678081309-image.webp | User: Anonymous | Status: 304 | 0ms {"timestamp":"2025-08-28T05:26:43.360Z"}
info: GET /uploads/1756054592501-image.jpeg | User: Anonymous | Status: 304 | 0ms {"timestamp":"2025-08-28T05:26:43.361Z"}
info: POST /post/search | User: sameer_13 | Status: 200 | 22ms {"timestamp":"2025-08-28T05:26:44.227Z"}
info: POST /post/getFeeds | User: sameer_13 | Status: 200 | 178ms {"timestamp":"2025-08-28T05:26:45.274Z"}
info: POST /post/search | User: sameer_13 | Status: 200 | 28ms {"timestamp":"2025-08-28T05:26:45.713Z"}
info: POST /post/getFeeds | User: sameer_13 | Status: 200 | 142ms {"timestamp":"2025-08-28T05:26:47.262Z"}
info: Server started at port : 8080 {"timestamp":"2025-08-28T05:27:36.457Z"}
info: Database synced successfully {"timestamp":"2025-08-28T05:27:38.115Z"}
info: Server started at port : 8080 {"timestamp":"2025-08-28T05:27:42.368Z"}
info: Database synced successfully {"timestamp":"2025-08-28T05:27:43.883Z"}
info: POST /post/search | User: sameer_13 | Status: 200 | 280ms {"timestamp":"2025-08-28T05:27:47.723Z"}
info: POST /post/search | User: sameer_13 | Status: 200 | 150ms {"timestamp":"2025-08-28T05:27:48.209Z"}
info: POST /post/search | User: sameer_13 | Status: 200 | 154ms {"timestamp":"2025-08-28T05:27:50.157Z"}
info: POST /post/search | User: sameer_13 | Status: 200 | 77ms {"timestamp":"2025-08-28T05:27:53.381Z"}
info: POST /post/getFeeds | User: sameer_13 | Status: 200 | 178ms {"timestamp":"2025-08-28T05:27:55.203Z"}
info: GET /uploads/1756103440677-image.jpeg | User: Anonymous | Status: 304 | 4ms {"timestamp":"2025-08-28T05:27:55.219Z"}
info: GET /uploads/1756101251294-image.webp | User: Anonymous | Status: 304 | 1ms {"timestamp":"2025-08-28T05:27:55.221Z"}
info: GET /uploads/1755679093845-image.webp | User: Anonymous | Status: 304 | 2ms {"timestamp":"2025-08-28T05:27:55.223Z"}
info: GET /uploads/1756103496131-image.jpeg | User: Anonymous | Status: 304 | 1ms {"timestamp":"2025-08-28T05:27:55.224Z"}
info: GET /uploads/1755678081309-image.webp | User: Anonymous | Status: 304 | 1ms {"timestamp":"2025-08-28T05:27:55.225Z"}
info: GET /uploads/1756101152515-image.jpeg | User: Anonymous | Status: 304 | 1ms {"timestamp":"2025-08-28T05:27:55.225Z"}
info: GET /uploads/1755952069305-image.webp | User: Anonymous | Status: 304 | 1ms {"timestamp":"2025-08-28T05:27:55.227Z"}
info: GET /uploads/1755763343674-image.webp | User: Anonymous | Status: 304 | 1ms {"timestamp":"2025-08-28T05:27:55.228Z"}
info: POST /post/search | User: sameer_13 | Status: 200 | 58ms {"timestamp":"2025-08-28T05:27:55.960Z"}
info: POST /post/getFeeds | User: sameer_13 | Status: 200 | 156ms {"timestamp":"2025-08-28T05:27:59.199Z"}
info: POST /post/search | User: sameer_13 | Status: 200 | 50ms {"timestamp":"2025-08-28T05:28:00.351Z"}
info: POST /post/getFeeds | User: sameer_13 | Status: 200 | 138ms {"timestamp":"2025-08-28T05:28:01.673Z"}
info: POST /post/search | User: sameer_13 | Status: 200 | 174ms {"timestamp":"2025-08-28T05:28:08.831Z"}
info: POST /post/search | User: sameer_13 | Status: 200 | 51ms {"timestamp":"2025-08-28T05:28:12.434Z"}
info: POST /post/getFeeds | User: sameer_13 | Status: 200 | 143ms {"timestamp":"2025-08-28T05:28:12.580Z"}
info: POST /post/search | User: sameer_13 | Status: 200 | 45ms {"timestamp":"2025-08-28T05:28:15.037Z"}
info: POST /post/search | User: sameer_13 | Status: 200 | 155ms {"timestamp":"2025-08-28T05:28:15.948Z"}
info: POST /post/search | User: sameer_13 | Status: 200 | 48ms {"timestamp":"2025-08-28T05:28:17.491Z"}
info: POST /post/search | User: sameer_13 | Status: 200 | 41ms {"timestamp":"2025-08-28T05:28:17.965Z"}
info: POST /post/getFeeds | User: sameer_13 | Status: 200 | 146ms {"timestamp":"2025-08-28T05:28:22.639Z"}
info: GET /users/getCurrentuser | User: sameer_13 | Status: 200 | 150ms {"timestamp":"2025-08-28T05:28:22.640Z"}
info: GET /uploads/1756103440677-image.jpeg | User: Anonymous | Status: 304 | 1ms {"timestamp":"2025-08-28T05:28:22.643Z"}
info: GET /uploads/1756103496131-image.jpeg | User: Anonymous | Status: 304 | 1ms {"timestamp":"2025-08-28T05:28:22.644Z"}
info: GET /uploads/1756054540618-image.jpeg | User: Anonymous | Status: 304 | 0ms {"timestamp":"2025-08-28T05:28:22.644Z"}
info: GET /uploads/1756054592501-image.jpeg | User: Anonymous | Status: 304 | 1ms {"timestamp":"2025-08-28T05:28:22.645Z"}
info: GET /uploads/1756099045626-image.jpeg | User: Anonymous | Status: 304 | 1ms {"timestamp":"2025-08-28T05:28:22.645Z"}
info: GET /uploads/1756094784290-image.jpeg | User: Anonymous | Status: 304 | 0ms {"timestamp":"2025-08-28T05:28:22.645Z"}
info: GET /uploads/1756101152515-image.jpeg | User: Anonymous | Status: 304 | 1ms {"timestamp":"2025-08-28T05:28:22.646Z"}
info: GET /uploads/1756094809715-image.jpeg | User: Anonymous | Status: 304 | 1ms {"timestamp":"2025-08-28T05:28:22.647Z"}
info: GET /uploads/1755679093845-image.webp | User: Anonymous | Status: 304 | 1ms {"timestamp":"2025-08-28T05:28:22.647Z"}
info: GET /uploads/1756101251294-image.webp | User: Anonymous | Status: 304 | 1ms {"timestamp":"2025-08-28T05:28:22.647Z"}
info: GET /uploads/1755952069305-image.webp | User: Anonymous | Status: 304 | 1ms {"timestamp":"2025-08-28T05:28:22.648Z"}
info: GET /uploads/1755763343674-image.webp | User: Anonymous | Status: 304 | 0ms {"timestamp":"2025-08-28T05:28:22.648Z"}
info: GET /uploads/1755678081309-image.webp | User: Anonymous | Status: 304 | 0ms {"timestamp":"2025-08-28T05:28:22.648Z"}
info: POST /post/search | User: sameer_13 | Status: 200 | 28ms {"timestamp":"2025-08-28T05:28:29.967Z"}
info: POST /post/search | User: sameer_13 | Status: 200 | 212ms {"timestamp":"2025-08-28T05:28:33.936Z"}
info: POST /post/getFeeds | User: sameer_13 | Status: 200 | 147ms {"timestamp":"2025-08-28T05:28:36.327Z"}
info: POST /post/search | User: sameer_13 | Status: 200 | 40ms {"timestamp":"2025-08-28T05:28:37.651Z"}
info: POST /post/getFeeds | User: sameer_13 | Status: 200 | 154ms {"timestamp":"2025-08-28T05:28:39.106Z"}
info: POST /post/search | User: sameer_13 | Status: 200 | 42ms {"timestamp":"2025-08-28T05:28:40.195Z"}
info: POST /post/getFeeds | User: sameer_13 | Status: 200 | 188ms {"timestamp":"2025-08-28T05:29:39.554Z"}
info: GET /uploads/1756054540618-image.jpeg | User: Anonymous | Status: 304 | 1ms {"timestamp":"2025-08-28T05:29:39.563Z"}
info: GET /uploads/1756101152515-image.jpeg | User: Anonymous | Status: 304 | 0ms {"timestamp":"2025-08-28T05:29:39.563Z"}
info: GET /uploads/1756054592501-image.jpeg | User: Anonymous | Status: 304 | 0ms {"timestamp":"2025-08-28T05:29:39.564Z"}
info: GET /uploads/1756103440677-image.jpeg | User: Anonymous | Status: 304 | 1ms {"timestamp":"2025-08-28T05:29:39.565Z"}
info: GET /uploads/1756103496131-image.jpeg | User: Anonymous | Status: 304 | 0ms {"timestamp":"2025-08-28T05:29:39.565Z"}
info: GET /uploads/1756101251294-image.webp | User: Anonymous | Status: 304 | 0ms {"timestamp":"2025-08-28T05:29:39.566Z"}
info: GET /uploads/1756094784290-image.jpeg | User: Anonymous | Status: 304 | 1ms {"timestamp":"2025-08-28T05:29:39.567Z"}
info: GET /uploads/1755952069305-image.webp | User: Anonymous | Status: 304 | 1ms {"timestamp":"2025-08-28T05:29:39.567Z"}
info: GET /uploads/1755763343674-image.webp | User: Anonymous | Status: 304 | 1ms {"timestamp":"2025-08-28T05:29:39.569Z"}
info: GET /uploads/1756094809715-image.jpeg | User: Anonymous | Status: 304 | 1ms {"timestamp":"2025-08-28T05:29:39.569Z"}
info: GET /uploads/1755679093845-image.webp | User: Anonymous | Status: 304 | 2ms {"timestamp":"2025-08-28T05:29:39.570Z"}
info: GET /uploads/1755678081309-image.webp | User: Anonymous | Status: 304 | 0ms {"timestamp":"2025-08-28T05:29:39.570Z"}
info: POST /post/search | User: sameer_13 | Status: 200 | 48ms {"timestamp":"2025-08-28T05:29:41.600Z"}
info: POST /post/search | User: sameer_13 | Status: 200 | 44ms {"timestamp":"2025-08-28T05:29:43.165Z"}
info: POST /post/getFeeds | User: sameer_13 | Status: 200 | 142ms {"timestamp":"2025-08-28T05:29:43.275Z"}
info: POST /post/search | User: sameer_13 | Status: 200 | 190ms {"timestamp":"2025-08-28T05:29:45.247Z"}
info: POST /post/search | User: sameer_13 | Status: 200 | 166ms {"timestamp":"2025-08-28T05:29:47.140Z"}
info: POST /post/search | User: sameer_13 | Status: 200 | 35ms {"timestamp":"2025-08-28T05:29:50.395Z"}
info: POST /post/getFeeds | User: sameer_13 | Status: 200 | 186ms {"timestamp":"2025-08-28T05:29:51.160Z"}
info: POST /post/search | User: sameer_13 | Status: 200 | 43ms {"timestamp":"2025-08-28T05:29:53.016Z"}
info: POST /post/search | User: sameer_13 | Status: 200 | 38ms {"timestamp":"2025-08-28T05:29:54.459Z"}
info: POST /post/search | User: sameer_13 | Status: 200 | 175ms {"timestamp":"2025-08-28T05:29:54.988Z"}
info: POST /post/search | User: sameer_13 | Status: 200 | 39ms {"timestamp":"2025-08-28T05:29:57.953Z"}
info: POST /post/getFeeds | User: sameer_13 | Status: 200 | 164ms {"timestamp":"2025-08-28T05:29:58.802Z"}
info: POST /users/search | User: sameer_13 | Status: 200 | 154ms {"timestamp":"2025-08-28T05:30:08.692Z"}
info: GET /uploads/1756103191568-image.jpeg | User: Anonymous | Status: 304 | 1ms {"timestamp":"2025-08-28T05:30:08.701Z"}
info: GET /users/profile/d66a5fb9-721c-48c5-ba2c-751ce6f7addc | User: sameer_13 | Status: 304 | 636ms {"timestamp":"2025-08-28T05:30:10.557Z"}
info: GET /uploads/1756104608593-image.jpeg | User: Anonymous | Status: 304 | 1ms {"timestamp":"2025-08-28T05:30:10.564Z"}
info: POST /follow/add | User: sameer_13 | Status: 202 | 11ms {"timestamp":"2025-08-28T05:30:12.839Z"}
info: GET /users/getCurrentuser | User: sameer_13 | Status: 304 | 151ms {"timestamp":"2025-08-28T05:30:12.994Z"}
info: POST /post/getFeeds | User: sameer_13 | Status: 200 | 164ms {"timestamp":"2025-08-28T05:30:16.303Z"}
info: POST /post/getFeeds | User: sameer_13 | Status: 200 | 154ms {"timestamp":"2025-08-28T05:30:19.726Z"}
info: GET /users/getCurrentuser | User: sameer_13 | Status: 200 | 153ms {"timestamp":"2025-08-28T05:30:19.726Z"}
info: GET /uploads/1756103191568-image.jpeg | User: Anonymous | Status: 304 | 1ms {"timestamp":"2025-08-28T05:30:19.729Z"}
info: GET /uploads/1756104608593-image.jpeg | User: Anonymous | Status: 304 | 0ms {"timestamp":"2025-08-28T05:30:19.729Z"}
info: GET /uploads/1756094784290-image.jpeg | User: Anonymous | Status: 304 | 0ms {"timestamp":"2025-08-28T05:30:19.730Z"}
info: GET /uploads/1756094809715-image.jpeg | User: Anonymous | Status: 304 | 0ms {"timestamp":"2025-08-28T05:30:19.731Z"}
info: GET /uploads/1756103440677-image.jpeg | User: Anonymous | Status: 304 | 1ms {"timestamp":"2025-08-28T05:30:19.732Z"}
info: GET /uploads/1756099045626-image.jpeg | User: Anonymous | Status: 304 | 1ms {"timestamp":"2025-08-28T05:30:19.732Z"}
info: GET /uploads/1756103496131-image.jpeg | User: Anonymous | Status: 304 | 1ms {"timestamp":"2025-08-28T05:30:19.733Z"}
info: GET /uploads/1756101251294-image.webp | User: Anonymous | Status: 304 | 0ms {"timestamp":"2025-08-28T05:30:19.733Z"}
info: GET /uploads/1756101152515-image.jpeg | User: Anonymous | Status: 304 | 1ms {"timestamp":"2025-08-28T05:30:19.735Z"}
info: GET /uploads/1756054540618-image.jpeg | User: Anonymous | Status: 304 | 1ms {"timestamp":"2025-08-28T05:30:19.735Z"}
info: GET /uploads/1755763343674-image.webp | User: Anonymous | Status: 304 | 2ms {"timestamp":"2025-08-28T05:30:19.736Z"}
info: GET /uploads/1755952069305-image.webp | User: Anonymous | Status: 304 | 2ms {"timestamp":"2025-08-28T05:30:19.736Z"}
info: GET /uploads/1755679093845-image.webp | User: Anonymous | Status: 304 | 0ms {"timestamp":"2025-08-28T05:30:19.736Z"}
info: GET /uploads/1756054592501-image.jpeg | User: Anonymous | Status: 304 | 1ms {"timestamp":"2025-08-28T05:30:19.737Z"}
info: GET /uploads/1755678081309-image.webp | User: Anonymous | Status: 304 | 1ms {"timestamp":"2025-08-28T05:30:19.738Z"}
info: POST /post/search | User: sameer_13 | Status: 200 | 179ms {"timestamp":"2025-08-28T05:30:22.031Z"}
info: POST /post/getFeeds | User: sameer_13 | Status: 200 | 150ms {"timestamp":"2025-08-28T05:30:23.047Z"}
info: POST /post/search | User: sameer_13 | Status: 200 | 159ms {"timestamp":"2025-08-28T05:30:24.899Z"}
info: POST /like/add | User: sameer_13 | Status: 201 | 388ms {"timestamp":"2025-08-28T05:30:27.893Z"}
info: POST /post/search | User: sameer_13 | Status: 200 | 194ms {"timestamp":"2025-08-28T05:30:31.304Z"}
info: POST /post/search | User: sameer_13 | Status: 200 | 26ms {"timestamp":"2025-08-28T05:30:35.337Z"}
info: POST /post/search | User: sameer_13 | Status: 200 | 142ms {"timestamp":"2025-08-28T05:30:36.128Z"}
info: POST /post/search | User: sameer_13 | Status: 200 | 180ms {"timestamp":"2025-08-28T05:30:36.827Z"}
info: POST /post/search | User: sameer_13 | Status: 200 | 190ms {"timestamp":"2025-08-28T05:30:38.343Z"}
info: POST /post/search | User: sameer_13 | Status: 200 | 167ms {"timestamp":"2025-08-28T05:30:38.689Z"}
info: POST /post/search | User: sameer_13 | Status: 200 | 40ms {"timestamp":"2025-08-28T05:30:46.886Z"}
info: POST /post/getFeeds | User: sameer_13 | Status: 200 | 178ms {"timestamp":"2025-08-28T05:30:49.804Z"}
info: GET /uploads/1756103191568-image.jpeg | User: Anonymous | Status: 304 | 0ms {"timestamp":"2025-08-28T05:30:49.817Z"}
info: GET /uploads/1756104608593-image.jpeg | User: Anonymous | Status: 304 | 1ms {"timestamp":"2025-08-28T05:30:49.819Z"}
info: GET /uploads/1756054540618-image.jpeg | User: Anonymous | Status: 304 | 1ms {"timestamp":"2025-08-28T05:30:49.820Z"}
info: GET /uploads/1756103440677-image.jpeg | User: Anonymous | Status: 304 | 2ms {"timestamp":"2025-08-28T05:30:49.822Z"}
info: GET /uploads/1756101152515-image.jpeg | User: Anonymous | Status: 304 | 1ms {"timestamp":"2025-08-28T05:30:49.822Z"}
info: GET /uploads/1756054592501-image.jpeg | User: Anonymous | Status: 304 | 1ms {"timestamp":"2025-08-28T05:30:49.822Z"}
info: GET /uploads/1756103496131-image.jpeg | User: Anonymous | Status: 304 | 1ms {"timestamp":"2025-08-28T05:30:49.824Z"}
info: GET /uploads/1756101251294-image.webp | User: Anonymous | Status: 304 | 1ms {"timestamp":"2025-08-28T05:30:49.825Z"}
info: GET /uploads/1755952069305-image.webp | User: Anonymous | Status: 304 | 1ms {"timestamp":"2025-08-28T05:30:49.825Z"}
info: GET /uploads/1756094809715-image.jpeg | User: Anonymous | Status: 304 | 1ms {"timestamp":"2025-08-28T05:30:49.826Z"}
info: GET /uploads/1755679093845-image.webp | User: Anonymous | Status: 304 | 1ms {"timestamp":"2025-08-28T05:30:49.826Z"}
info: GET /uploads/1755678081309-image.webp | User: Anonymous | Status: 304 | 0ms {"timestamp":"2025-08-28T05:30:49.826Z"}
info: GET /uploads/1755763343674-image.webp | User: Anonymous | Status: 304 | 0ms {"timestamp":"2025-08-28T05:30:49.826Z"}
info: GET /uploads/1756094784290-image.jpeg | User: Anonymous | Status: 304 | 0ms {"timestamp":"2025-08-28T05:30:49.827Z"}
info: POST /post/search | User: sameer_13 | Status: 200 | 41ms {"timestamp":"2025-08-28T05:30:50.531Z"}
info: POST /post/getFeeds | User: sameer_13 | Status: 200 | 150ms {"timestamp":"2025-08-28T05:30:51.532Z"}
info: POST /post/search | User: sameer_13 | Status: 200 | 28ms {"timestamp":"2025-08-28T05:30:54.356Z"}
info: POST /post/search | User: sameer_13 | Status: 200 | 38ms {"timestamp":"2025-08-28T05:30:55.148Z"}
info: POST /post/search | User: sameer_13 | Status: 200 | 174ms {"timestamp":"2025-08-28T05:30:55.879Z"}
info: POST /post/search | User: sameer_13 | Status: 200 | 37ms {"timestamp":"2025-08-28T05:30:57.407Z"}
info: POST /post/getFeeds | User: sameer_13 | Status: 200 | 157ms {"timestamp":"2025-08-28T05:30:57.739Z"}
info: POST /post/search | User: sameer_13 | Status: 200 | 159ms {"timestamp":"2025-08-28T05:30:59.190Z"}
info: POST /post/getFeeds | User: sameer_13 | Status: 200 | 149ms {"timestamp":"2025-08-28T05:31:00.400Z"}
info: POST /post/search | User: sameer_13 | Status: 200 | 27ms {"timestamp":"2025-08-28T05:31:01.703Z"}
info: POST /post/getFeeds | User: sameer_13 | Status: 200 | 157ms {"timestamp":"2025-08-28T05:31:09.958Z"}
info: Server started at port : 8080 {"timestamp":"2025-08-28T05:32:03.299Z"}
info: Database synced successfully {"timestamp":"2025-08-28T05:32:04.943Z"}
info: Server started at port : 8080 {"timestamp":"2025-08-28T05:32:12.619Z"}
info: Database synced successfully {"timestamp":"2025-08-28T05:32:14.320Z"}
info: POST /post/search | User: sameer_13 | Status: 200 | 278ms {"timestamp":"2025-08-28T05:33:38.949Z"}
info: POST /post/search | User: sameer_13 | Status: 200 | 115ms {"timestamp":"2025-08-28T05:33:39.082Z"}
info: POST /post/getFeeds | User: sameer_13 | Status: 200 | 157ms {"timestamp":"2025-08-28T05:33:40.540Z"}
info: POST /post/search | User: sameer_13 | Status: 200 | 186ms {"timestamp":"2025-08-28T05:33:41.655Z"}
info: POST /post/search | User: sameer_13 | Status: 200 | 31ms {"timestamp":"2025-08-28T05:33:47.160Z"}
info: POST /post/getFeeds | User: sameer_13 | Status: 200 | 184ms {"timestamp":"2025-08-28T05:33:48.360Z"}
info: POST /post/search | User: sameer_13 | Status: 200 | 166ms {"timestamp":"2025-08-28T05:33:49.244Z"}
info: POST /post/getFeeds | User: sameer_13 | Status: 200 | 153ms {"timestamp":"2025-08-28T05:33:56.276Z"}
info: GET /uploads/1756103191568-image.jpeg | User: Anonymous | Status: 304 | 4ms {"timestamp":"2025-08-28T05:33:56.290Z"}
info: GET /uploads/1756104608593-image.jpeg | User: Anonymous | Status: 304 | 2ms {"timestamp":"2025-08-28T05:33:56.290Z"}
info: GET /uploads/1756054540618-image.jpeg | User: Anonymous | Status: 304 | 0ms {"timestamp":"2025-08-28T05:33:56.291Z"}
info: GET /uploads/1756054592501-image.jpeg | User: Anonymous | Status: 304 | 1ms {"timestamp":"2025-08-28T05:33:56.292Z"}
info: POST /post/search | User: sameer_13 | Status: 200 | 153ms {"timestamp":"2025-08-28T05:33:59.069Z"}
info: POST /post/search | User: sameer_13 | Status: 200 | 180ms {"timestamp":"2025-08-28T05:34:01.883Z"}
info: POST /post/search | User: sameer_13 | Status: 200 | 184ms {"timestamp":"2025-08-28T05:34:03.828Z"}
info: POST /post/search | User: sameer_13 | Status: 200 | 178ms {"timestamp":"2025-08-28T05:34:04.867Z"}
info: Server started at port : 8080 {"timestamp":"2025-08-28T05:36:29.828Z"}
info: Database synced successfully {"timestamp":"2025-08-28T05:36:31.434Z"}
info: Server started at port : 8080 {"timestamp":"2025-08-28T05:36:39.253Z"}
info: Database synced successfully {"timestamp":"2025-08-28T05:36:40.759Z"}
info: POST /post/getFeeds | User: sameer_13 | Status: 200 | 165ms {"timestamp":"2025-08-28T05:55:52.713Z"}
info: GET /users/getCurrentuser | User: sameer_13 | Status: 304 | 182ms {"timestamp":"2025-08-28T05:55:52.715Z"}
info: GET /uploads/1756099045626-image.jpeg | User: Anonymous | Status: 304 | 1ms {"timestamp":"2025-08-28T05:55:52.721Z"}
info: GET /uploads/1755952069305-image.webp | User: Anonymous | Status: 304 | 1ms {"timestamp":"2025-08-28T05:55:52.721Z"}
info: GET /uploads/1755763343674-image.webp | User: Anonymous | Status: 304 | 1ms {"timestamp":"2025-08-28T05:55:52.730Z"}
info: GET /uploads/1755679093845-image.webp | User: Anonymous | Status: 304 | 1ms {"timestamp":"2025-08-28T05:55:52.731Z"}
info: GET /uploads/1755678081309-image.webp | User: Anonymous | Status: 304 | 1ms {"timestamp":"2025-08-28T05:55:52.732Z"}
info: GET /uploads/1756103191568-image.jpeg | User: Anonymous | Status: 304 | 1ms {"timestamp":"2025-08-28T05:55:52.733Z"}
info: GET /uploads/1756104608593-image.jpeg | User: Anonymous | Status: 304 | 0ms {"timestamp":"2025-08-28T05:55:52.734Z"}
info: GET /uploads/1756103440677-image.jpeg | User: Anonymous | Status: 304 | 0ms {"timestamp":"2025-08-28T05:55:52.734Z"}
info: GET /uploads/1756103496131-image.jpeg | User: Anonymous | Status: 304 | 1ms {"timestamp":"2025-08-28T05:55:52.736Z"}
info: GET /uploads/1756094784290-image.jpeg | User: Anonymous | Status: 304 | 0ms {"timestamp":"2025-08-28T05:55:52.736Z"}
info: GET /uploads/1756094809715-image.jpeg | User: Anonymous | Status: 304 | 0ms {"timestamp":"2025-08-28T05:55:52.737Z"}
info: GET /uploads/1756054540618-image.jpeg | User: Anonymous | Status: 304 | 0ms {"timestamp":"2025-08-28T05:55:52.739Z"}
info: GET /uploads/1756054592501-image.jpeg | User: Anonymous | Status: 304 | 0ms {"timestamp":"2025-08-28T05:55:52.740Z"}
info: GET /uploads/1756101152515-image.jpeg | User: Anonymous | Status: 304 | 0ms {"timestamp":"2025-08-28T05:55:52.740Z"}
info: GET /uploads/1756101251294-image.webp | User: Anonymous | Status: 304 | 0ms {"timestamp":"2025-08-28T05:55:52.741Z"}
info: Server started at port : 8080 {"timestamp":"2025-08-28T06:03:47.991Z"}
info: Database synced successfully {"timestamp":"2025-08-28T06:03:49.671Z"}
info: Server started at port : 8080 {"timestamp":"2025-08-28T06:03:50.411Z"}
info: Server started at port : 8080 {"timestamp":"2025-08-28T06:03:52.432Z"}
info: Database synced successfully {"timestamp":"2025-08-28T06:03:54.012Z"}
info: POST /post/search | User: sameer_13 | Status: 200 | 76ms {"timestamp":"2025-08-28T06:03:58.297Z"}
info: POST /post/search | User: sameer_13 | Status: 200 | 14ms {"timestamp":"2025-08-28T06:03:58.568Z"}
info: POST /post/getFeeds | User: sameer_13 | Status: 200 | 210ms {"timestamp":"2025-08-28T06:04:02.355Z"}
info: POST /post/search | User: sameer_13 | Status: 200 | 28ms {"timestamp":"2025-08-28T06:04:06.271Z"}
info: POST /post/search | User: sameer_13 | Status: 200 | 28ms {"timestamp":"2025-08-28T06:04:06.691Z"}
info: POST /post/getFeeds | User: sameer_13 | Status: 200 | 178ms {"timestamp":"2025-08-28T06:04:09.567Z"}
info: POST /post/search | User: sameer_13 | Status: 200 | 24ms {"timestamp":"2025-08-28T06:04:10.235Z"}
info: POST /post/getFeeds | User: sameer_13 | Status: 200 | 157ms {"timestamp":"2025-08-28T06:04:11.123Z"}
info: POST /post/search | User: sameer_13 | Status: 200 | 25ms {"timestamp":"2025-08-28T06:04:12.133Z"}
info: POST /post/getFeeds | User: sameer_13 | Status: 200 | 158ms {"timestamp":"2025-08-28T06:04:12.947Z"}
info: POST /post/search | User: sameer_13 | Status: 200 | 24ms {"timestamp":"2025-08-28T06:04:13.908Z"}
info: POST /post/search | User: sameer_13 | Status: 200 | 22ms {"timestamp":"2025-08-28T06:04:15.351Z"}
info: POST /post/search | User: sameer_13 | Status: 200 | 23ms {"timestamp":"2025-08-28T06:04:16.780Z"}
info: POST /post/getFeeds | User: sameer_13 | Status: 200 | 153ms {"timestamp":"2025-08-28T06:04:16.972Z"}
info: Server started at port : 8080 {"timestamp":"2025-08-28T06:04:26.055Z"}
info: Database synced successfully {"timestamp":"2025-08-28T06:04:27.693Z"}
info: Server started at port : 8080 {"timestamp":"2025-08-28T06:21:50.699Z"}
info: Database synced successfully {"timestamp":"2025-08-28T06:21:52.453Z"}
info: Server started at port : 8080 {"timestamp":"2025-08-28T06:22:08.494Z"}
info: Database synced successfully {"timestamp":"2025-08-28T06:22:10.421Z"}
info: POST /post/search | User: sameer_13 | Status: 200 | 295ms {"timestamp":"2025-08-28T06:22:28.289Z"}
info: POST /post/getFeeds | User: sameer_13 | Status: 200 | 224ms {"timestamp":"2025-08-28T06:22:30.128Z"}
info: POST /post/search | User: sameer_13 | Status: 200 | 178ms {"timestamp":"2025-08-28T06:22:30.981Z"}
info: POST /post/search | User: sameer_13 | Status: 200 | 183ms {"timestamp":"2025-08-28T06:22:31.326Z"}
info: POST /post/search | User: sameer_13 | Status: 200 | 193ms {"timestamp":"2025-08-28T06:22:31.745Z"}
info: POST /post/search | User: sameer_13 | Status: 200 | 197ms {"timestamp":"2025-08-28T06:22:33.480Z"}
info: POST /post/getFeeds | User: sameer_13 | Status: 200 | 175ms {"timestamp":"2025-08-28T06:22:34.055Z"}
info: GET /users/getCurrentuser | User: sameer_13 | Status: 304 | 215ms {"timestamp":"2025-08-28T06:24:07.184Z"}
info: POST /post/getFeeds | User: sameer_13 | Status: 200 | 212ms {"timestamp":"2025-08-28T06:24:07.188Z"}
info: GET /uploads/1756099045626-image.jpeg | User: Anonymous | Status: 304 | 1ms {"timestamp":"2025-08-28T06:24:07.190Z"}
info: GET /uploads/1756104608593-image.jpeg | User: Anonymous | Status: 304 | 1ms {"timestamp":"2025-08-28T06:24:07.192Z"}
info: GET /uploads/1756103191568-image.jpeg | User: Anonymous | Status: 304 | 0ms {"timestamp":"2025-08-28T06:24:07.192Z"}
info: GET /uploads/1756103440677-image.jpeg | User: Anonymous | Status: 304 | 1ms {"timestamp":"2025-08-28T06:24:07.194Z"}
info: GET /uploads/1756103496131-image.jpeg | User: Anonymous | Status: 304 | 1ms {"timestamp":"2025-08-28T06:24:07.194Z"}
info: GET /uploads/1756094784290-image.jpeg | User: Anonymous | Status: 304 | 2ms {"timestamp":"2025-08-28T06:24:07.195Z"}
info: GET /uploads/1756094809715-image.jpeg | User: Anonymous | Status: 304 | 2ms {"timestamp":"2025-08-28T06:24:07.197Z"}
info: GET /uploads/1756054540618-image.jpeg | User: Anonymous | Status: 304 | 2ms {"timestamp":"2025-08-28T06:24:07.198Z"}
info: GET /uploads/1756054592501-image.jpeg | User: Anonymous | Status: 304 | 2ms {"timestamp":"2025-08-28T06:24:07.199Z"}
info: GET /uploads/1756101152515-image.jpeg | User: Anonymous | Status: 304 | 1ms {"timestamp":"2025-08-28T06:24:07.201Z"}
info: GET /uploads/1756101251294-image.webp | User: Anonymous | Status: 304 | 2ms {"timestamp":"2025-08-28T06:24:07.202Z"}
info: GET /uploads/1755763343674-image.webp | User: Anonymous | Status: 304 | 2ms {"timestamp":"2025-08-28T06:24:07.202Z"}
info: GET /uploads/1755679093845-image.webp | User: Anonymous | Status: 304 | 2ms {"timestamp":"2025-08-28T06:24:07.203Z"}
info: GET /uploads/1755952069305-image.webp | User: Anonymous | Status: 304 | 2ms {"timestamp":"2025-08-28T06:24:07.203Z"}
info: GET /uploads/1755678081309-image.webp | User: Anonymous | Status: 304 | 1ms {"timestamp":"2025-08-28T06:24:07.204Z"}
info: POST /users/login | User: Anonymous | Status: 200 | 233ms {"timestamp":"2025-08-28T06:24:54.485Z"}
info: GET /users/getCurrentuser | User: sameer_30 | Status: 200 | 117ms {"timestamp":"2025-08-28T06:24:54.609Z"}
info: GET /uploads/1756284833830-image.jpeg | User: Anonymous | Status: 304 | 1ms {"timestamp":"2025-08-28T06:24:55.139Z"}
info: POST /post/getFeeds | User: sameer_30 | Status: 200 | 149ms {"timestamp":"2025-08-28T06:24:55.321Z"}
info: GET /uploads/1756226800305-image.jpeg | User: Anonymous | Status: 304 | 1ms {"timestamp":"2025-08-28T06:24:55.345Z"}
info: GET /uploads/1756185339062-image.jpeg | User: Anonymous | Status: 304 | 0ms {"timestamp":"2025-08-28T06:24:55.347Z"}
info: GET /uploads/1756189953803-image.jpeg | User: Anonymous | Status: 304 | 0ms {"timestamp":"2025-08-28T06:24:55.348Z"}
info: GET /users/getCurrentuser | User: sameer_30 | Status: 304 | 177ms {"timestamp":"2025-08-28T06:25:30.192Z"}
info: POST /post/getFeeds | User: sameer_30 | Status: 200 | 161ms {"timestamp":"2025-08-28T06:25:30.200Z"}
info: GET /uploads/1756284833830-image.jpeg | User: Anonymous | Status: 304 | 2ms {"timestamp":"2025-08-28T06:25:32.057Z"}
info: GET /uploads/1756226800305-image.jpeg | User: Anonymous | Status: 304 | 0ms {"timestamp":"2025-08-28T06:25:32.223Z"}
info: GET /uploads/1756189953803-image.jpeg | User: Anonymous | Status: 304 | 1ms {"timestamp":"2025-08-28T06:25:32.225Z"}
info: GET /uploads/1756185339062-image.jpeg | User: Anonymous | Status: 304 | 2ms {"timestamp":"2025-08-28T06:25:32.226Z"}
info: POST /post/search | User: sameer_30 | Status: 200 | 238ms {"timestamp":"2025-08-28T06:25:50.021Z"}
info: GET /uploads/1756022455400-image.jpeg | User: Anonymous | Status: 304 | 1ms {"timestamp":"2025-08-28T06:25:52.058Z"}
info: GET /uploads/1756034723744-image.jpeg | User: Anonymous | Status: 304 | 1ms {"timestamp":"2025-08-28T06:25:52.059Z"}
info: GET /uploads/1756022537571-image.webp | User: Anonymous | Status: 304 | 1ms {"timestamp":"2025-08-28T06:25:52.060Z"}
info: GET /uploads/1756022236134-image.jpeg | User: Anonymous | Status: 304 | 1ms {"timestamp":"2025-08-28T06:25:52.061Z"}
info: GET /uploads/1756044350942-image.jpg | User: Anonymous | Status: 304 | 0ms {"timestamp":"2025-08-28T06:25:52.062Z"}
info: GET /uploads/1756022728404-image.jpeg | User: Anonymous | Status: 304 | 0ms {"timestamp":"2025-08-28T06:25:52.062Z"}
info: GET /uploads/1756099045626-image.jpeg | User: Anonymous | Status: 304 | 2ms {"timestamp":"2025-08-28T06:25:54.084Z"}
info: GET /uploads/1756101152515-image.jpeg | User: Anonymous | Status: 304 | 2ms {"timestamp":"2025-08-28T06:25:54.114Z"}
info: GET /uploads/1755974971395-image.webp | User: Anonymous | Status: 304 | 0ms {"timestamp":"2025-08-28T06:25:54.136Z"}
info: GET /uploads/1755970152037-image.webp | User: Anonymous | Status: 304 | 1ms {"timestamp":"2025-08-28T06:25:54.165Z"}
info: GET /uploads/1756101251294-image.webp | User: Anonymous | Status: 304 | 1ms {"timestamp":"2025-08-28T06:25:54.198Z"}
info: GET /uploads/1755952069305-image.webp | User: Anonymous | Status: 304 | 0ms {"timestamp":"2025-08-28T06:25:54.226Z"}
info: GET /uploads/1755763343674-image.webp | User: Anonymous | Status: 304 | 0ms {"timestamp":"2025-08-28T06:25:56.115Z"}
info: GET /uploads/1755679093845-image.webp | User: Anonymous | Status: 304 | 1ms {"timestamp":"2025-08-28T06:25:56.144Z"}
info: GET /uploads/1755678081309-image.webp | User: Anonymous | Status: 304 | 0ms {"timestamp":"2025-08-28T06:25:56.173Z"}
info: POST /post/search | User: sameer_30 | Status: 200 | 172ms {"timestamp":"2025-08-28T06:26:01.983Z"}
info: POST /post/getFeeds | User: sameer_30 | Status: 200 | 172ms {"timestamp":"2025-08-28T06:26:38.317Z"}
info: POST /post/search | User: sameer_30 | Status: 200 | 185ms {"timestamp":"2025-08-28T06:26:40.582Z"}
info: POST /post/search | User: sameer_30 | Status: 200 | 189ms {"timestamp":"2025-08-28T06:26:41.064Z"}
info: POST /post/getFeeds | User: sameer_30 | Status: 200 | 169ms {"timestamp":"2025-08-28T06:27:11.615Z"}
info: POST /post/search | User: sameer_30 | Status: 200 | 33ms {"timestamp":"2025-08-28T06:27:12.978Z"}
info: POST /post/search | User: sameer_30 | Status: 200 | 194ms {"timestamp":"2025-08-28T06:27:15.629Z"}
info: GET /uploads/1756101251294-image.webp | User: Anonymous | Status: 304 | 2ms {"timestamp":"2025-08-28T06:27:17.459Z"}
info: GET /uploads/1756101152515-image.jpeg | User: Anonymous | Status: 304 | 2ms {"timestamp":"2025-08-28T06:27:17.460Z"}
info: GET /uploads/1756099045626-image.jpeg | User: Anonymous | Status: 304 | 0ms {"timestamp":"2025-08-28T06:27:17.461Z"}
info: POST /post/getFeeds | User: sameer_30 | Status: 200 | 199ms {"timestamp":"2025-08-28T06:27:55.704Z"}
info: GET /users/getCurrentuser | User: sameer_30 | Status: 304 | 200ms {"timestamp":"2025-08-28T06:27:55.704Z"}
info: GET /uploads/1756284833830-image.jpeg | User: Anonymous | Status: 304 | 1ms {"timestamp":"2025-08-28T06:27:55.711Z"}
info: GET /uploads/1756226800305-image.jpeg | User: Anonymous | Status: 304 | 1ms {"timestamp":"2025-08-28T06:27:55.719Z"}
info: GET /uploads/1756189953803-image.jpeg | User: Anonymous | Status: 304 | 1ms {"timestamp":"2025-08-28T06:27:55.719Z"}
info: GET /uploads/1756185339062-image.jpeg | User: Anonymous | Status: 304 | 1ms {"timestamp":"2025-08-28T06:27:55.721Z"}
info: GET /notification/get | User: sameer_30 | Status: 200 | 183ms {"timestamp":"2025-08-28T06:28:03.067Z"}
info: GET /notification/activity?page=1&limit=20 | User: sameer_30 | Status: 200 | 220ms {"timestamp":"2025-08-28T06:28:06.069Z"}
info: GET /uploads/1755952069305-image.webp | User: Anonymous | Status: 304 | 0ms {"timestamp":"2025-08-28T06:28:06.077Z"}
info: GET /post/getMyPost?page=1&limit=20 | User: sameer_30 | Status: 200 | 15ms {"timestamp":"2025-08-28T06:28:10.493Z"}
info: GET /like/getUserLikes?page=1&limit=20 | User: sameer_30 | Status: 200 | 174ms {"timestamp":"2025-08-28T06:28:14.700Z"}
info: GET /uploads/1756103440677-image.jpeg | User: Anonymous | Status: 304 | 1ms {"timestamp":"2025-08-28T06:28:14.716Z"}
info: GET /uploads/1756103496131-image.jpeg | User: Anonymous | Status: 304 | 1ms {"timestamp":"2025-08-28T06:28:14.717Z"}
info: GET /uploads/1756022236134-image.jpeg | User: Anonymous | Status: 304 | 0ms {"timestamp":"2025-08-28T06:28:14.717Z"}
info: GET /uploads/1755970152037-image.webp | User: Anonymous | Status: 304 | 0ms {"timestamp":"2025-08-28T06:28:14.717Z"}
info: GET /uploads/1756034723744-image.jpeg | User: Anonymous | Status: 304 | 0ms {"timestamp":"2025-08-28T06:28:14.718Z"}
info: GET /uploads/1755952069305-image.webp | User: Anonymous | Status: 304 | 0ms {"timestamp":"2025-08-28T06:28:14.718Z"}
info: GET /uploads/1755763343674-image.webp | User: Anonymous | Status: 304 | 0ms {"timestamp":"2025-08-28T06:28:14.719Z"}
info: GET /uploads/1755678081309-image.webp | User: Anonymous | Status: 304 | 0ms {"timestamp":"2025-08-28T06:28:14.719Z"}
info: GET /uploads/1756022537571-image.webp | User: Anonymous | Status: 304 | 1ms {"timestamp":"2025-08-28T06:28:14.720Z"}
info: GET /uploads/1756022728404-image.jpeg | User: Anonymous | Status: 304 | 0ms {"timestamp":"2025-08-28T06:28:14.720Z"}
info: Server started at port : 8080 {"timestamp":"2025-08-28T06:32:51.242Z"}
info: Database synced successfully {"timestamp":"2025-08-28T06:32:53.097Z"}
info: Server started at port : 8080 {"timestamp":"2025-08-28T06:33:02.145Z"}
info: Database synced successfully {"timestamp":"2025-08-28T06:33:03.934Z"}
info: Server started at port : 8080 {"timestamp":"2025-08-28T06:33:04.797Z"}
info: Database synced successfully {"timestamp":"2025-08-28T06:33:06.476Z"}
info: Server started at port : 8080 {"timestamp":"2025-08-28T06:33:07.722Z"}
info: Database synced successfully {"timestamp":"2025-08-28T06:33:09.444Z"}
info: Server started at port : 8080 {"timestamp":"2025-08-28T06:33:11.704Z"}
info: Database synced successfully {"timestamp":"2025-08-28T06:33:13.371Z"}
info: Server started at port : 8080 {"timestamp":"2025-08-28T06:33:16.425Z"}
info: Database synced successfully {"timestamp":"2025-08-28T06:33:18.084Z"}
info: Server started at port : 8080 {"timestamp":"2025-08-28T06:33:24.227Z"}
info: Database synced successfully {"timestamp":"2025-08-28T06:33:25.821Z"}
