info: POST /users/login | User: Anonymous | Status: 200 | 187ms {"timestamp":"2025-08-27T03:50:49.720Z"}
info: GET /users/getCurrentuser | User: sameer_1n | Status: 304 | 158ms {"timestamp":"2025-08-27T03:50:50.410Z"}
info: POST /post/getFeeds | User: sameer_1n | Status: 200 | 161ms {"timestamp":"2025-08-27T03:50:50.416Z"}
info: GET /uploads/1756203690899-image.webp | User: Anonymous | Status: 304 | 0ms {"timestamp":"2025-08-27T03:50:50.417Z"}
info: GET /uploads/1756226800305-image.jpeg | User: Anonymous | Status: 304 | 0ms {"timestamp":"2025-08-27T03:50:50.425Z"}
info: GET /uploads/1756185339062-image.jpeg | User: Anonymous | Status: 304 | 1ms {"timestamp":"2025-08-27T03:50:50.426Z"}
info: GET /uploads/1756189953803-image.jpeg | User: Anonymous | Status: 304 | 0ms {"timestamp":"2025-08-27T03:50:50.426Z"}
info: GET /uploads/1756103191568-image.jpeg | User: Anonymous | Status: 304 | 0ms {"timestamp":"2025-08-27T03:50:50.427Z"}
info: GET /uploads/1756104608593-image.jpeg | User: Anonymous | Status: 304 | 0ms {"timestamp":"2025-08-27T03:50:50.428Z"}
info: POST /post/getFeeds | User: sameer_1n | Status: 200 | 143ms {"timestamp":"2025-08-27T03:51:06.606Z"}
info: GET /uploads/1756103496131-image.jpeg | User: Anonymous | Status: 304 | 1ms {"timestamp":"2025-08-27T03:51:06.622Z"}
info: GET /uploads/1756022728404-image.jpeg | User: Anonymous | Status: 304 | 1ms {"timestamp":"2025-08-27T03:51:06.625Z"}
info: GET /uploads/1756054540618-image.jpeg | User: Anonymous | Status: 304 | 1ms {"timestamp":"2025-08-27T03:51:06.626Z"}
info: GET /uploads/1756103440677-image.jpeg | User: Anonymous | Status: 304 | 0ms {"timestamp":"2025-08-27T03:51:06.626Z"}
info: GET /uploads/1756022537571-image.webp | User: Anonymous | Status: 304 | 0ms {"timestamp":"2025-08-27T03:51:06.627Z"}
info: GET /uploads/1756054592501-image.jpeg | User: Anonymous | Status: 304 | 0ms {"timestamp":"2025-08-27T03:51:06.627Z"}
info: GET /uploads/1756022455400-image.jpeg | User: Anonymous | Status: 304 | 0ms {"timestamp":"2025-08-27T03:51:06.628Z"}
info: GET /uploads/1756044350942-image.jpg | User: Anonymous | Status: 304 | 1ms {"timestamp":"2025-08-27T03:51:06.629Z"}
info: GET /uploads/1756022236134-image.jpeg | User: Anonymous | Status: 304 | 0ms {"timestamp":"2025-08-27T03:51:06.630Z"}
info: GET /uploads/1756034723744-image.jpeg | User: Anonymous | Status: 304 | 1ms {"timestamp":"2025-08-27T03:51:06.631Z"}
info: GET /uploads/1756099045626-image.jpeg | User: Anonymous | Status: 304 | 0ms {"timestamp":"2025-08-27T03:51:06.631Z"}
info: GET /uploads/1756101152515-image.jpeg | User: Anonymous | Status: 304 | 0ms {"timestamp":"2025-08-27T03:51:06.631Z"}
info: GET /uploads/1755974971395-image.webp | User: Anonymous | Status: 304 | 0ms {"timestamp":"2025-08-27T03:51:06.631Z"}
info: GET /uploads/1755970152037-image.webp | User: Anonymous | Status: 304 | 0ms {"timestamp":"2025-08-27T03:51:06.632Z"}
info: GET /uploads/1756101251294-image.webp | User: Anonymous | Status: 304 | 0ms {"timestamp":"2025-08-27T03:51:06.632Z"}
info: GET /uploads/1755952069305-image.webp | User: Anonymous | Status: 304 | 0ms {"timestamp":"2025-08-27T03:51:06.632Z"}
info: GET /uploads/1755763343674-image.webp | User: Anonymous | Status: 304 | 0ms {"timestamp":"2025-08-27T03:51:06.633Z"}
info: GET /uploads/1755679093845-image.webp | User: Anonymous | Status: 304 | 0ms {"timestamp":"2025-08-27T03:51:06.633Z"}
info: GET /uploads/1755678081309-image.webp | User: Anonymous | Status: 304 | 0ms {"timestamp":"2025-08-27T03:51:06.633Z"}
info: POST /post/getFeeds | User: sameer_1n | Status: 200 | 167ms {"timestamp":"2025-08-27T03:52:22.903Z"}
info: GET /users/getCurrentuser | User: sameer_1n | Status: 304 | 169ms {"timestamp":"2025-08-27T03:52:22.904Z"}
info: GET /uploads/1756203690899-image.webp | User: Anonymous | Status: 304 | 0ms {"timestamp":"2025-08-27T03:52:22.906Z"}
info: GET /uploads/1756226800305-image.jpeg | User: Anonymous | Status: 304 | 1ms {"timestamp":"2025-08-27T03:52:22.907Z"}
info: GET /uploads/1756189953803-image.jpeg | User: Anonymous | Status: 304 | 0ms {"timestamp":"2025-08-27T03:52:22.908Z"}
info: GET /uploads/1756185339062-image.jpeg | User: Anonymous | Status: 304 | 1ms {"timestamp":"2025-08-27T03:52:22.924Z"}
info: GET /uploads/1756103191568-image.jpeg | User: Anonymous | Status: 304 | 1ms {"timestamp":"2025-08-27T03:52:22.924Z"}
info: GET /uploads/1756104608593-image.jpeg | User: Anonymous | Status: 304 | 1ms {"timestamp":"2025-08-27T03:52:22.925Z"}
