info: Server started at port : 8080 {"timestamp":"2025-08-26T08:59:12.113Z"}
info: Server started at port : 8080 {"timestamp":"2025-08-26T08:59:12.113Z"}
error: Error syncing database: Cannot read properties of null (reading '1') {"stack":"TypeError: Cannot read properties of null (reading '1')\n    at Query.run (/Users/Mohammedsameers/SurveySparrow_Training/instaProject/server/node_modules/sequelize/lib/dialects/postgres/query.js:97:86)\n    at process.processTicksAndRejections (node:internal/process/task_queues:105:5)\n    at async /Users/Mohammedsameers/SurveySparrow_Training/instaProject/server/node_modules/sequelize/lib/sequelize.js:315:16\n    at async PostgresQueryInterface.showIndex (/Users/Mohammedsameers/SurveySparrow_Training/instaProject/server/node_modules/sequelize/lib/dialects/abstract/query-interface.js:254:12)\n    at async Post.sync (/Users/Mohammedsameers/SurveySparrow_Training/instaProject/server/node_modules/sequelize/lib/model.js:988:29)\n    at async Sequelize.sync (/Users/Mohammedsameers/SurveySparrow_Training/instaProject/server/node_modules/sequelize/lib/sequelize.js:377:9)","timestamp":"2025-08-26T08:59:13.433Z"}
info: Database synced successfully {"timestamp":"2025-08-26T08:59:14.075Z"}
info: Server started at port : 8080 {"timestamp":"2025-08-26T09:00:29.407Z"}
info: Server started at port : 8080 {"timestamp":"2025-08-26T09:00:29.407Z"}
error: Error syncing database: Unknown constraint error {"constraint":"Posts_userId_fkey","name":"SequelizeUnknownConstraintError","original":{"code":"42704","file":"tablecmds.c","length":135,"line":"11720","name":"error","routine":"ATExecDropConstraint","severity":"ERROR","sql":"ALTER TABLE \"Posts\" DROP CONSTRAINT \"Posts_userId_fkey\""},"parameters":{},"parent":{"code":"42704","file":"tablecmds.c","length":135,"line":"11720","name":"error","routine":"ATExecDropConstraint","severity":"ERROR","sql":"ALTER TABLE \"Posts\" DROP CONSTRAINT \"Posts_userId_fkey\""},"sql":"ALTER TABLE \"Posts\" DROP CONSTRAINT \"Posts_userId_fkey\"","stack":"Error\n    at Query.run (/Users/Mohammedsameers/SurveySparrow_Training/instaProject/server/node_modules/sequelize/lib/dialects/postgres/query.js:50:25)\n    at /Users/Mohammedsameers/SurveySparrow_Training/instaProject/server/node_modules/sequelize/lib/sequelize.js:315:28\n    at process.processTicksAndRejections (node:internal/process/task_queues:105:5)\n    at async Post.sync (/Users/Mohammedsameers/SurveySparrow_Training/instaProject/server/node_modules/sequelize/lib/model.js:979:17)\n    at async Sequelize.sync (/Users/Mohammedsameers/SurveySparrow_Training/instaProject/server/node_modules/sequelize/lib/sequelize.js:377:9)","table":"Posts","timestamp":"2025-08-26T09:00:30.450Z"}
info: Database synced successfully {"timestamp":"2025-08-26T09:00:31.157Z"}
info: GET /post/getFeeds?page=1 | User: Anonymous | Status: 304 | 187ms {"timestamp":"2025-08-26T09:01:15.809Z"}
info: GET /post/getFeeds?page=1 | User: Anonymous | Status: 304 | 175ms {"timestamp":"2025-08-26T09:01:19.818Z"}
info: POST /follow/add | User: Anonymous | Status: 202 | 6ms {"timestamp":"2025-08-26T09:01:33.722Z"}
info: GET /notification/activity?page=1&limit=20 | User: Anonymous | Status: 200 | 145ms {"timestamp":"2025-08-26T09:01:37.213Z"}
info: Server started at port : 8080 {"timestamp":"2025-08-26T09:07:30.461Z"}
info: Server started at port : 8080 {"timestamp":"2025-08-26T09:07:30.461Z"}
error: Error syncing database: Unknown constraint error {"constraint":"Followers_followerId_fkey","name":"SequelizeUnknownConstraintError","original":{"code":"42704","file":"tablecmds.c","length":147,"line":"11720","name":"error","routine":"ATExecDropConstraint","severity":"ERROR","sql":"ALTER TABLE \"Followers\" DROP CONSTRAINT \"Followers_followerId_fkey\""},"parameters":{},"parent":{"code":"42704","file":"tablecmds.c","length":147,"line":"11720","name":"error","routine":"ATExecDropConstraint","severity":"ERROR","sql":"ALTER TABLE \"Followers\" DROP CONSTRAINT \"Followers_followerId_fkey\""},"sql":"ALTER TABLE \"Followers\" DROP CONSTRAINT \"Followers_followerId_fkey\"","stack":"Error\n    at Query.run (/Users/Mohammedsameers/SurveySparrow_Training/instaProject/server/node_modules/sequelize/lib/dialects/postgres/query.js:50:25)\n    at /Users/Mohammedsameers/SurveySparrow_Training/instaProject/server/node_modules/sequelize/lib/sequelize.js:315:28\n    at process.processTicksAndRejections (node:internal/process/task_queues:105:5)\n    at async Follower.sync (/Users/Mohammedsameers/SurveySparrow_Training/instaProject/server/node_modules/sequelize/lib/model.js:979:17)\n    at async Sequelize.sync (/Users/Mohammedsameers/SurveySparrow_Training/instaProject/server/node_modules/sequelize/lib/sequelize.js:377:9)","table":"Followers","timestamp":"2025-08-26T09:07:32.132Z"}
info: Database synced successfully {"timestamp":"2025-08-26T09:07:32.508Z"}
info: POST /post/create | User: Anonymous | Status: 201 | 174ms {"timestamp":"2025-08-26T09:08:22.393Z"}
info: GET /post/getFeeds?page=1 | User: Anonymous | Status: 200 | 116ms {"timestamp":"2025-08-26T09:08:22.527Z"}
info: Server started at port : 8080 {"timestamp":"2025-08-26T09:10:16.862Z"}
info: Server started at port : 8080 {"timestamp":"2025-08-26T09:10:16.862Z"}
info: Database synced successfully {"timestamp":"2025-08-26T09:10:18.998Z"}
info: Database synced successfully {"timestamp":"2025-08-26T09:10:19.199Z"}
info: Server started at port : 8080 {"timestamp":"2025-08-26T09:10:19.926Z"}
info: Server started at port : 8080 {"timestamp":"2025-08-26T09:10:19.926Z"}
info: Database synced successfully {"timestamp":"2025-08-26T09:10:21.930Z"}
info: Database synced successfully {"timestamp":"2025-08-26T09:10:22.105Z"}
info: Server started at port : 8080 {"timestamp":"2025-08-26T09:10:24.927Z"}
info: Server started at port : 8080 {"timestamp":"2025-08-26T09:10:24.927Z"}
error: Error syncing database: Unknown constraint error {"constraint":"Likes_userId_fkey1","name":"SequelizeUnknownConstraintError","original":{"code":"42704","file":"tablecmds.c","length":136,"line":"11720","name":"error","routine":"ATExecDropConstraint","severity":"ERROR","sql":"ALTER TABLE \"Likes\" DROP CONSTRAINT \"Likes_userId_fkey1\""},"parameters":{},"parent":{"code":"42704","file":"tablecmds.c","length":136,"line":"11720","name":"error","routine":"ATExecDropConstraint","severity":"ERROR","sql":"ALTER TABLE \"Likes\" DROP CONSTRAINT \"Likes_userId_fkey1\""},"sql":"ALTER TABLE \"Likes\" DROP CONSTRAINT \"Likes_userId_fkey1\"","stack":"Error\n    at Query.run (/Users/Mohammedsameers/SurveySparrow_Training/instaProject/server/node_modules/sequelize/lib/dialects/postgres/query.js:50:25)\n    at /Users/Mohammedsameers/SurveySparrow_Training/instaProject/server/node_modules/sequelize/lib/sequelize.js:315:28\n    at process.processTicksAndRejections (node:internal/process/task_queues:105:5)\n    at async Like.sync (/Users/Mohammedsameers/SurveySparrow_Training/instaProject/server/node_modules/sequelize/lib/model.js:979:17)\n    at async Sequelize.sync (/Users/Mohammedsameers/SurveySparrow_Training/instaProject/server/node_modules/sequelize/lib/sequelize.js:377:9)","table":"Likes","timestamp":"2025-08-26T09:10:26.389Z"}
info: Database synced successfully {"timestamp":"2025-08-26T09:10:26.898Z"}
info: Server started at port : 8080 {"timestamp":"2025-08-26T09:10:27.937Z"}
info: Server started at port : 8080 {"timestamp":"2025-08-26T09:10:27.937Z"}
error: Error syncing database: Cannot read properties of null (reading '1') {"stack":"TypeError: Cannot read properties of null (reading '1')\n    at Query.run (/Users/Mohammedsameers/SurveySparrow_Training/instaProject/server/node_modules/sequelize/lib/dialects/postgres/query.js:97:86)\n    at process.processTicksAndRejections (node:internal/process/task_queues:105:5)\n    at async /Users/Mohammedsameers/SurveySparrow_Training/instaProject/server/node_modules/sequelize/lib/sequelize.js:315:16\n    at async PostgresQueryInterface.showIndex (/Users/Mohammedsameers/SurveySparrow_Training/instaProject/server/node_modules/sequelize/lib/dialects/abstract/query-interface.js:254:12)\n    at async Post.sync (/Users/Mohammedsameers/SurveySparrow_Training/instaProject/server/node_modules/sequelize/lib/model.js:988:29)\n    at async Sequelize.sync (/Users/Mohammedsameers/SurveySparrow_Training/instaProject/server/node_modules/sequelize/lib/sequelize.js:377:9)","timestamp":"2025-08-26T09:10:29.102Z"}
info: Database synced successfully {"timestamp":"2025-08-26T09:10:29.768Z"}
info: Server started at port : 8080 {"timestamp":"2025-08-26T09:10:32.274Z"}
info: Server started at port : 8080 {"timestamp":"2025-08-26T09:10:32.274Z"}
error: Error syncing database: Cannot read properties of null (reading '1') {"stack":"TypeError: Cannot read properties of null (reading '1')\n    at Query.run (/Users/Mohammedsameers/SurveySparrow_Training/instaProject/server/node_modules/sequelize/lib/dialects/postgres/query.js:97:86)\n    at process.processTicksAndRejections (node:internal/process/task_queues:105:5)\n    at async /Users/Mohammedsameers/SurveySparrow_Training/instaProject/server/node_modules/sequelize/lib/sequelize.js:315:16\n    at async PostgresQueryInterface.showIndex (/Users/Mohammedsameers/SurveySparrow_Training/instaProject/server/node_modules/sequelize/lib/dialects/abstract/query-interface.js:254:12)\n    at async Notification.sync (/Users/Mohammedsameers/SurveySparrow_Training/instaProject/server/node_modules/sequelize/lib/model.js:988:29)\n    at async Sequelize.sync (/Users/Mohammedsameers/SurveySparrow_Training/instaProject/server/node_modules/sequelize/lib/sequelize.js:377:9)","timestamp":"2025-08-26T09:10:34.277Z"}
info: Database synced successfully {"timestamp":"2025-08-26T09:10:34.443Z"}
info: Server started at port : 8080 {"timestamp":"2025-08-26T09:11:07.105Z"}
info: Server started at port : 8080 {"timestamp":"2025-08-26T09:11:07.105Z"}
error: Error syncing database: Unknown constraint error {"constraint":"Posts_userId_fkey","name":"SequelizeUnknownConstraintError","original":{"code":"42704","file":"tablecmds.c","length":135,"line":"11720","name":"error","routine":"ATExecDropConstraint","severity":"ERROR","sql":"ALTER TABLE \"Posts\" DROP CONSTRAINT \"Posts_userId_fkey\""},"parameters":{},"parent":{"code":"42704","file":"tablecmds.c","length":135,"line":"11720","name":"error","routine":"ATExecDropConstraint","severity":"ERROR","sql":"ALTER TABLE \"Posts\" DROP CONSTRAINT \"Posts_userId_fkey\""},"sql":"ALTER TABLE \"Posts\" DROP CONSTRAINT \"Posts_userId_fkey\"","stack":"Error\n    at Query.run (/Users/Mohammedsameers/SurveySparrow_Training/instaProject/server/node_modules/sequelize/lib/dialects/postgres/query.js:50:25)\n    at /Users/Mohammedsameers/SurveySparrow_Training/instaProject/server/node_modules/sequelize/lib/sequelize.js:315:28\n    at process.processTicksAndRejections (node:internal/process/task_queues:105:5)\n    at async Post.sync (/Users/Mohammedsameers/SurveySparrow_Training/instaProject/server/node_modules/sequelize/lib/model.js:979:17)\n    at async Sequelize.sync (/Users/Mohammedsameers/SurveySparrow_Training/instaProject/server/node_modules/sequelize/lib/sequelize.js:377:9)","table":"Posts","timestamp":"2025-08-26T09:11:08.137Z"}
info: Database synced successfully {"timestamp":"2025-08-26T09:11:08.906Z"}
info: GET /notification/activity?page=1&limit=20 | User: Anonymous | Status: 200 | 183ms {"timestamp":"2025-08-26T09:12:26.881Z"}
info: Server started at port : 8080 {"timestamp":"2025-08-26T09:12:59.135Z"}
info: Server started at port : 8080 {"timestamp":"2025-08-26T09:12:59.135Z"}
error: Error syncing database: Cannot read properties of null (reading '1') {"stack":"TypeError: Cannot read properties of null (reading '1')\n    at Query.run (/Users/Mohammedsameers/SurveySparrow_Training/instaProject/server/node_modules/sequelize/lib/dialects/postgres/query.js:97:86)\n    at process.processTicksAndRejections (node:internal/process/task_queues:105:5)\n    at async /Users/Mohammedsameers/SurveySparrow_Training/instaProject/server/node_modules/sequelize/lib/sequelize.js:315:16\n    at async PostgresQueryInterface.showIndex (/Users/Mohammedsameers/SurveySparrow_Training/instaProject/server/node_modules/sequelize/lib/dialects/abstract/query-interface.js:254:12)\n    at async Notification.sync (/Users/Mohammedsameers/SurveySparrow_Training/instaProject/server/node_modules/sequelize/lib/model.js:988:29)\n    at async Sequelize.sync (/Users/Mohammedsameers/SurveySparrow_Training/instaProject/server/node_modules/sequelize/lib/sequelize.js:377:9)","timestamp":"2025-08-26T09:13:01.242Z"}
info: Database synced successfully {"timestamp":"2025-08-26T09:13:01.416Z"}
info: GET /post/getFeeds?page=1 | User: Anonymous | Status: 304 | 179ms {"timestamp":"2025-08-26T09:18:06.190Z"}
info: GET /notification/activity?page=1&limit=20 | User: Anonymous | Status: 304 | 150ms {"timestamp":"2025-08-26T09:18:06.582Z"}
info: GET /notification/get | User: Anonymous | Status: 304 | 114ms {"timestamp":"2025-08-26T09:18:06.692Z"}
info: GET /post/getFeeds?page=1 | User: Anonymous | Status: 304 | 102ms {"timestamp":"2025-08-26T09:18:06.868Z"}
info: GET /post/getFeeds?page=1 | User: Anonymous | Status: 304 | 156ms {"timestamp":"2025-08-26T09:18:16.198Z"}
info: GET /post/getFeeds?page=1 | User: Anonymous | Status: 304 | 145ms {"timestamp":"2025-08-26T09:18:30.928Z"}
info: GET /post/getFeeds?page=1 | User: Anonymous | Status: 304 | 164ms {"timestamp":"2025-08-26T09:19:13.328Z"}
info: GET /like/getUserLikes?page=1&limit=20 | User: Anonymous | Status: 500 | 168ms {"timestamp":"2025-08-26T09:21:25.469Z"}
info: GET /post/getFeeds?page=1 | User: Anonymous | Status: 304 | 139ms {"timestamp":"2025-08-26T09:21:28.109Z"}
info: GET /post/getFeeds?page=1 | User: Anonymous | Status: 304 | 135ms {"timestamp":"2025-08-26T09:21:34.953Z"}
info: GET /post/getFeeds?page=2 | User: Anonymous | Status: 200 | 143ms {"timestamp":"2025-08-26T09:21:41.470Z"}
info: GET /post/getFeeds?page=1 | User: Anonymous | Status: 304 | 163ms {"timestamp":"2025-08-26T09:21:52.717Z"}
info: POST /post/search | User: Anonymous | Status: 200 | 142ms {"timestamp":"2025-08-26T09:21:56.659Z"}
info: POST /post/search | User: Anonymous | Status: 200 | 141ms {"timestamp":"2025-08-26T09:21:57.161Z"}
info: POST /post/search | User: Anonymous | Status: 200 | 138ms {"timestamp":"2025-08-26T09:21:59.833Z"}
info: POST /post/search | User: Anonymous | Status: 200 | 129ms {"timestamp":"2025-08-26T09:22:00.139Z"}
info: POST /post/search | User: Anonymous | Status: 200 | 215ms {"timestamp":"2025-08-26T09:22:01.089Z"}
info: POST /post/search | User: Anonymous | Status: 200 | 226ms {"timestamp":"2025-08-26T09:22:02.249Z"}
info: POST /post/search | User: Anonymous | Status: 200 | 124ms {"timestamp":"2025-08-26T09:22:03.978Z"}
info: POST /post/search | User: Anonymous | Status: 200 | 221ms {"timestamp":"2025-08-26T09:22:05.962Z"}
info: POST /post/search | User: Anonymous | Status: 200 | 224ms {"timestamp":"2025-08-26T09:22:07.633Z"}
info: GET /post/getFeeds?page=1 | User: Anonymous | Status: 304 | 151ms {"timestamp":"2025-08-26T09:22:10.014Z"}
info: POST /post/search | User: Anonymous | Status: 200 | 218ms {"timestamp":"2025-08-26T09:22:10.724Z"}
info: POST /like/add | User: Anonymous | Status: 201 | 148ms {"timestamp":"2025-08-26T09:22:26.845Z"}
info: GET /post/getFeeds?page=1 | User: Anonymous | Status: 200 | 153ms {"timestamp":"2025-08-26T09:22:34.849Z"}
info: GET /post/getFeeds?page=1 | User: Anonymous | Status: 304 | 174ms {"timestamp":"2025-08-26T09:25:13.197Z"}
info: GET /post/getFeeds?page=1 | User: Anonymous | Status: 304 | 174ms {"timestamp":"2025-08-26T09:26:13.688Z"}
info: Server started at port : 8080 {"timestamp":"2025-08-26T09:26:57.926Z"}
info: Server started at port : 8080 {"timestamp":"2025-08-26T09:26:57.926Z"}
error: Error syncing database: Unknown constraint error {"constraint":"Followers_followerId_fkey","name":"SequelizeUnknownConstraintError","original":{"code":"42704","file":"tablecmds.c","length":147,"line":"11720","name":"error","routine":"ATExecDropConstraint","severity":"ERROR","sql":"ALTER TABLE \"Followers\" DROP CONSTRAINT \"Followers_followerId_fkey\""},"parameters":{},"parent":{"code":"42704","file":"tablecmds.c","length":147,"line":"11720","name":"error","routine":"ATExecDropConstraint","severity":"ERROR","sql":"ALTER TABLE \"Followers\" DROP CONSTRAINT \"Followers_followerId_fkey\""},"sql":"ALTER TABLE \"Followers\" DROP CONSTRAINT \"Followers_followerId_fkey\"","stack":"Error\n    at Query.run (/Users/Mohammedsameers/SurveySparrow_Training/instaProject/server/node_modules/sequelize/lib/dialects/postgres/query.js:50:25)\n    at /Users/Mohammedsameers/SurveySparrow_Training/instaProject/server/node_modules/sequelize/lib/sequelize.js:315:28\n    at process.processTicksAndRejections (node:internal/process/task_queues:105:5)\n    at async Follower.sync (/Users/Mohammedsameers/SurveySparrow_Training/instaProject/server/node_modules/sequelize/lib/model.js:979:17)\n    at async Sequelize.sync (/Users/Mohammedsameers/SurveySparrow_Training/instaProject/server/node_modules/sequelize/lib/sequelize.js:377:9)","table":"Followers","timestamp":"2025-08-26T09:26:59.582Z"}
info: Database synced successfully {"timestamp":"2025-08-26T09:27:00.006Z"}
info: Server started at port : 8080 {"timestamp":"2025-08-26T09:27:09.316Z"}
info: Server started at port : 8080 {"timestamp":"2025-08-26T09:27:09.316Z"}
error: Error syncing database: Unknown constraint error {"constraint":"Posts_userId_fkey","name":"SequelizeUnknownConstraintError","original":{"code":"42704","file":"tablecmds.c","length":135,"line":"11720","name":"error","routine":"ATExecDropConstraint","severity":"ERROR","sql":"ALTER TABLE \"Posts\" DROP CONSTRAINT \"Posts_userId_fkey\""},"parameters":{},"parent":{"code":"42704","file":"tablecmds.c","length":135,"line":"11720","name":"error","routine":"ATExecDropConstraint","severity":"ERROR","sql":"ALTER TABLE \"Posts\" DROP CONSTRAINT \"Posts_userId_fkey\""},"sql":"ALTER TABLE \"Posts\" DROP CONSTRAINT \"Posts_userId_fkey\"","stack":"Error\n    at Query.run (/Users/Mohammedsameers/SurveySparrow_Training/instaProject/server/node_modules/sequelize/lib/dialects/postgres/query.js:50:25)\n    at /Users/Mohammedsameers/SurveySparrow_Training/instaProject/server/node_modules/sequelize/lib/sequelize.js:315:28\n    at process.processTicksAndRejections (node:internal/process/task_queues:105:5)\n    at async Post.sync (/Users/Mohammedsameers/SurveySparrow_Training/instaProject/server/node_modules/sequelize/lib/model.js:979:17)\n    at async Sequelize.sync (/Users/Mohammedsameers/SurveySparrow_Training/instaProject/server/node_modules/sequelize/lib/sequelize.js:377:9)","table":"Posts","timestamp":"2025-08-26T09:27:10.372Z"}
info: Database synced successfully {"timestamp":"2025-08-26T09:27:11.121Z"}
info: Server started at port : 8080 {"timestamp":"2025-08-26T09:27:20.385Z"}
info: Database synced successfully {"timestamp":"2025-08-26T09:27:21.874Z"}
info: GET /post/getFeeds?page=1 | User: Anonymous | Status: 200 | 164ms {"timestamp":"2025-08-26T09:27:49.111Z"}
info: Server started at port : 8080 {"timestamp":"2025-08-26T09:27:58.360Z"}
info: Server started at port : 8080 {"timestamp":"2025-08-26T09:27:58.360Z"}
info: Server started at port : 8080 {"timestamp":"2025-08-26T09:27:58.360Z"}
error: Error syncing database: Unknown constraint error {"constraint":"Posts_userId_fkey","name":"SequelizeUnknownConstraintError","original":{"code":"42704","file":"tablecmds.c","length":135,"line":"11720","name":"error","routine":"ATExecDropConstraint","severity":"ERROR","sql":"ALTER TABLE \"Posts\" DROP CONSTRAINT \"Posts_userId_fkey\""},"parameters":{},"parent":{"code":"42704","file":"tablecmds.c","length":135,"line":"11720","name":"error","routine":"ATExecDropConstraint","severity":"ERROR","sql":"ALTER TABLE \"Posts\" DROP CONSTRAINT \"Posts_userId_fkey\""},"sql":"ALTER TABLE \"Posts\" DROP CONSTRAINT \"Posts_userId_fkey\"","stack":"Error\n    at Query.run (/Users/Mohammedsameers/SurveySparrow_Training/instaProject/server/node_modules/sequelize/lib/dialects/postgres/query.js:50:25)\n    at /Users/Mohammedsameers/SurveySparrow_Training/instaProject/server/node_modules/sequelize/lib/sequelize.js:315:28\n    at process.processTicksAndRejections (node:internal/process/task_queues:105:5)\n    at async Post.sync (/Users/Mohammedsameers/SurveySparrow_Training/instaProject/server/node_modules/sequelize/lib/model.js:979:17)\n    at async Sequelize.sync (/Users/Mohammedsameers/SurveySparrow_Training/instaProject/server/node_modules/sequelize/lib/sequelize.js:377:9)","table":"Posts","timestamp":"2025-08-26T09:27:59.768Z"}
error: Error syncing database: Unknown constraint error {"constraint":"Posts_userId_fkey","name":"SequelizeUnknownConstraintError","original":{"code":"42704","file":"tablecmds.c","length":135,"line":"11720","name":"error","routine":"ATExecDropConstraint","severity":"ERROR","sql":"ALTER TABLE \"Posts\" DROP CONSTRAINT \"Posts_userId_fkey\""},"parameters":{},"parent":{"code":"42704","file":"tablecmds.c","length":135,"line":"11720","name":"error","routine":"ATExecDropConstraint","severity":"ERROR","sql":"ALTER TABLE \"Posts\" DROP CONSTRAINT \"Posts_userId_fkey\""},"sql":"ALTER TABLE \"Posts\" DROP CONSTRAINT \"Posts_userId_fkey\"","stack":"Error\n    at Query.run (/Users/Mohammedsameers/SurveySparrow_Training/instaProject/server/node_modules/sequelize/lib/dialects/postgres/query.js:50:25)\n    at /Users/Mohammedsameers/SurveySparrow_Training/instaProject/server/node_modules/sequelize/lib/sequelize.js:315:28\n    at process.processTicksAndRejections (node:internal/process/task_queues:105:5)\n    at async Post.sync (/Users/Mohammedsameers/SurveySparrow_Training/instaProject/server/node_modules/sequelize/lib/model.js:979:17)\n    at async Sequelize.sync (/Users/Mohammedsameers/SurveySparrow_Training/instaProject/server/node_modules/sequelize/lib/sequelize.js:377:9)","table":"Posts","timestamp":"2025-08-26T09:27:59.768Z"}
info: Database synced successfully {"timestamp":"2025-08-26T09:28:00.508Z"}
info: GET /post/getFeeds?page=1 | User: Anonymous | Status: 304 | 147ms {"timestamp":"2025-08-26T09:28:05.173Z"}
info: POST /post/search | User: Anonymous | Status: 200 | 258ms {"timestamp":"2025-08-26T09:28:13.079Z"}
info: POST /post/search | User: Anonymous | Status: 200 | 228ms {"timestamp":"2025-08-26T09:28:13.802Z"}
info: POST /post/search | User: Anonymous | Status: 200 | 230ms {"timestamp":"2025-08-26T09:28:16.016Z"}
info: GET /post/getFeeds?page=1 | User: Anonymous | Status: 304 | 150ms {"timestamp":"2025-08-26T09:28:24.093Z"}
info: POST /post/search | User: Anonymous | Status: 200 | 221ms {"timestamp":"2025-08-26T09:28:25.561Z"}
info: DELETE /follow/remove | User: Anonymous | Status: 200 | 152ms {"timestamp":"2025-08-26T09:28:28.225Z"}
info: DELETE /follow/remove | User: Anonymous | Status: 200 | 2ms {"timestamp":"2025-08-26T09:28:28.234Z"}
info: GET /follow/following | User: Anonymous | Status: 200 | 138ms {"timestamp":"2025-08-26T09:28:31.638Z"}
info: GET /follow/followers | User: Anonymous | Status: 304 | 131ms {"timestamp":"2025-08-26T09:28:33.367Z"}
info: GET /post/getFeeds?page=1 | User: Anonymous | Status: 200 | 142ms {"timestamp":"2025-08-26T09:28:34.642Z"}
info: POST /post/search | User: Anonymous | Status: 200 | 146ms {"timestamp":"2025-08-26T09:28:37.590Z"}
info: GET /post/getFeeds?page=1 | User: Anonymous | Status: 304 | 153ms {"timestamp":"2025-08-26T09:28:39.070Z"}
info: POST /follow/add | User: Anonymous | Status: 202 | 8ms {"timestamp":"2025-08-26T09:28:51.486Z"}
info: POST /follow/add | User: Anonymous | Status: 202 | 3ms {"timestamp":"2025-08-26T09:28:52.414Z"}
info: GET /post/getFeeds?page=1 | User: Anonymous | Status: 200 | 152ms {"timestamp":"2025-08-26T09:28:55.488Z"}
info: GET /post/getFeeds?page=1 | User: Anonymous | Status: 304 | 142ms {"timestamp":"2025-08-26T09:28:58.497Z"}
info: GET /post/getFeeds?page=1 | User: Anonymous | Status: 304 | 145ms {"timestamp":"2025-08-26T09:29:00.903Z"}
info: GET /post/getFeeds?page=1 | User: Anonymous | Status: 304 | 146ms {"timestamp":"2025-08-26T09:29:01.823Z"}
info: DELETE /follow/remove | User: Anonymous | Status: 200 | 3ms {"timestamp":"2025-08-26T09:29:09.186Z"}
info: DELETE /follow/remove | User: Anonymous | Status: 200 | 1ms {"timestamp":"2025-08-26T09:29:09.192Z"}
info: GET /follow/following | User: Anonymous | Status: 200 | 129ms {"timestamp":"2025-08-26T09:29:12.933Z"}
info: GET /post/getFeeds?page=1 | User: Anonymous | Status: 304 | 151ms {"timestamp":"2025-08-26T09:29:18.298Z"}
info: DELETE /follow/remove | User: Anonymous | Status: 200 | 6ms {"timestamp":"2025-08-26T09:29:20.711Z"}
info: DELETE /follow/remove | User: Anonymous | Status: 200 | 2ms {"timestamp":"2025-08-26T09:29:20.720Z"}
info: POST /follow/add | User: Anonymous | Status: 400 | 2ms {"timestamp":"2025-08-26T09:29:29.428Z"}
info: POST /follow/add | User: Anonymous | Status: 400 | 1ms {"timestamp":"2025-08-26T09:29:36.809Z"}
info: GET /post/getFeeds?page=1 | User: Anonymous | Status: 304 | 146ms {"timestamp":"2025-08-26T09:29:39.311Z"}
info: GET /post/getMyPost?page=1&limit=20 | User: Anonymous | Status: 200 | 9ms {"timestamp":"2025-08-26T09:29:42.842Z"}
info: GET /like/getUserLikes?page=1&limit=20 | User: Anonymous | Status: 500 | 147ms {"timestamp":"2025-08-26T09:29:58.418Z"}
info: GET /post/getFeeds?page=1 | User: Anonymous | Status: 304 | 161ms {"timestamp":"2025-08-26T09:30:02.223Z"}
info: POST /like/add | User: Anonymous | Status: 201 | 151ms {"timestamp":"2025-08-26T09:30:04.332Z"}
info: GET /like/getUserLikes?page=1&limit=20 | User: Anonymous | Status: 500 | 144ms {"timestamp":"2025-08-26T09:30:06.391Z"}
info: GET /like/getUserLikes?page=1&limit=20 | User: Anonymous | Status: 500 | 152ms {"timestamp":"2025-08-26T09:30:08.259Z"}
info: GET /like/getUserLikes?page=1&limit=20 | User: Anonymous | Status: 500 | 178ms {"timestamp":"2025-08-26T09:31:22.665Z"}
info: Server started at port : 8080 {"timestamp":"2025-08-26T09:31:53.826Z"}
info: Server started at port : 8080 {"timestamp":"2025-08-26T09:31:53.826Z"}
info: Server started at port : 8080 {"timestamp":"2025-08-26T09:31:53.826Z"}
error: Error syncing database: Cannot read properties of null (reading '1') {"stack":"TypeError: Cannot read properties of null (reading '1')\n    at Query.run (/Users/Mohammedsameers/SurveySparrow_Training/instaProject/server/node_modules/sequelize/lib/dialects/postgres/query.js:97:86)\n    at process.processTicksAndRejections (node:internal/process/task_queues:105:5)\n    at async /Users/Mohammedsameers/SurveySparrow_Training/instaProject/server/node_modules/sequelize/lib/sequelize.js:315:16\n    at async PostgresQueryInterface.showIndex (/Users/Mohammedsameers/SurveySparrow_Training/instaProject/server/node_modules/sequelize/lib/dialects/abstract/query-interface.js:254:12)\n    at async Post.sync (/Users/Mohammedsameers/SurveySparrow_Training/instaProject/server/node_modules/sequelize/lib/model.js:988:29)\n    at async Sequelize.sync (/Users/Mohammedsameers/SurveySparrow_Training/instaProject/server/node_modules/sequelize/lib/sequelize.js:377:9)","timestamp":"2025-08-26T09:31:55.484Z"}
info: Database synced successfully {"timestamp":"2025-08-26T09:31:56.717Z"}
info: Database synced successfully {"timestamp":"2025-08-26T09:31:56.900Z"}
info: Server started at port : 8080 {"timestamp":"2025-08-26T09:32:48.576Z"}
info: Server started at port : 8080 {"timestamp":"2025-08-26T09:32:48.575Z"}
info: Server started at port : 8080 {"timestamp":"2025-08-26T09:32:48.576Z"}
error: Error syncing database: Unknown constraint error {"constraint":"Posts_userId_fkey","name":"SequelizeUnknownConstraintError","original":{"code":"42704","file":"tablecmds.c","length":135,"line":"11720","name":"error","routine":"ATExecDropConstraint","severity":"ERROR","sql":"ALTER TABLE \"Posts\" DROP CONSTRAINT \"Posts_userId_fkey\""},"parameters":{},"parent":{"code":"42704","file":"tablecmds.c","length":135,"line":"11720","name":"error","routine":"ATExecDropConstraint","severity":"ERROR","sql":"ALTER TABLE \"Posts\" DROP CONSTRAINT \"Posts_userId_fkey\""},"sql":"ALTER TABLE \"Posts\" DROP CONSTRAINT \"Posts_userId_fkey\"","stack":"Error\n    at Query.run (/Users/Mohammedsameers/SurveySparrow_Training/instaProject/server/node_modules/sequelize/lib/dialects/postgres/query.js:50:25)\n    at /Users/Mohammedsameers/SurveySparrow_Training/instaProject/server/node_modules/sequelize/lib/sequelize.js:315:28\n    at process.processTicksAndRejections (node:internal/process/task_queues:105:5)\n    at async Post.sync (/Users/Mohammedsameers/SurveySparrow_Training/instaProject/server/node_modules/sequelize/lib/model.js:979:17)\n    at async Sequelize.sync (/Users/Mohammedsameers/SurveySparrow_Training/instaProject/server/node_modules/sequelize/lib/sequelize.js:377:9)","table":"Posts","timestamp":"2025-08-26T09:32:50.035Z"}
error: Error syncing database: Unknown constraint error {"constraint":"Posts_userId_fkey","name":"SequelizeUnknownConstraintError","original":{"code":"42704","file":"tablecmds.c","length":135,"line":"11720","name":"error","routine":"ATExecDropConstraint","severity":"ERROR","sql":"ALTER TABLE \"Posts\" DROP CONSTRAINT \"Posts_userId_fkey\""},"parameters":{},"parent":{"code":"42704","file":"tablecmds.c","length":135,"line":"11720","name":"error","routine":"ATExecDropConstraint","severity":"ERROR","sql":"ALTER TABLE \"Posts\" DROP CONSTRAINT \"Posts_userId_fkey\""},"sql":"ALTER TABLE \"Posts\" DROP CONSTRAINT \"Posts_userId_fkey\"","stack":"Error\n    at Query.run (/Users/Mohammedsameers/SurveySparrow_Training/instaProject/server/node_modules/sequelize/lib/dialects/postgres/query.js:50:25)\n    at /Users/Mohammedsameers/SurveySparrow_Training/instaProject/server/node_modules/sequelize/lib/sequelize.js:315:28\n    at process.processTicksAndRejections (node:internal/process/task_queues:105:5)\n    at async Post.sync (/Users/Mohammedsameers/SurveySparrow_Training/instaProject/server/node_modules/sequelize/lib/model.js:979:17)\n    at async Sequelize.sync (/Users/Mohammedsameers/SurveySparrow_Training/instaProject/server/node_modules/sequelize/lib/sequelize.js:377:9)","table":"Posts","timestamp":"2025-08-26T09:32:50.036Z"}
info: Database synced successfully {"timestamp":"2025-08-26T09:32:50.748Z"}
info: GET /post/getFeeds?page=1 | User: Anonymous | Status: 200 | 192ms {"timestamp":"2025-08-26T09:32:57.736Z"}
info: GET /like/getUserLikes?page=1&limit=20 | User: Anonymous | Status: 500 | 166ms {"timestamp":"2025-08-26T09:32:59.497Z"}
info: GET /like/getUserLikes?page=1&limit=20 | User: Anonymous | Status: 500 | 180ms {"timestamp":"2025-08-26T09:33:01.576Z"}
info: GET /like/getUserLikes?page=1&limit=20 | User: Anonymous | Status: 500 | 190ms {"timestamp":"2025-08-26T09:34:31.679Z"}
info: GET /like/getUserLikes?page=1&limit=20 | User: Anonymous | Status: 500 | 135ms {"timestamp":"2025-08-26T09:34:32.620Z"}
info: Server started at port : 8080 {"timestamp":"2025-08-26T09:34:45.990Z"}
info: Server started at port : 8080 {"timestamp":"2025-08-26T09:34:45.990Z"}
info: Server started at port : 8080 {"timestamp":"2025-08-26T09:34:45.990Z"}
error: Error syncing database: Unknown constraint error {"constraint":"Posts_userId_fkey","name":"SequelizeUnknownConstraintError","original":{"code":"42704","file":"tablecmds.c","length":135,"line":"11720","name":"error","routine":"ATExecDropConstraint","severity":"ERROR","sql":"ALTER TABLE \"Posts\" DROP CONSTRAINT \"Posts_userId_fkey\""},"parameters":{},"parent":{"code":"42704","file":"tablecmds.c","length":135,"line":"11720","name":"error","routine":"ATExecDropConstraint","severity":"ERROR","sql":"ALTER TABLE \"Posts\" DROP CONSTRAINT \"Posts_userId_fkey\""},"sql":"ALTER TABLE \"Posts\" DROP CONSTRAINT \"Posts_userId_fkey\"","stack":"Error\n    at Query.run (/Users/Mohammedsameers/SurveySparrow_Training/instaProject/server/node_modules/sequelize/lib/dialects/postgres/query.js:50:25)\n    at /Users/Mohammedsameers/SurveySparrow_Training/instaProject/server/node_modules/sequelize/lib/sequelize.js:315:28\n    at process.processTicksAndRejections (node:internal/process/task_queues:105:5)\n    at async Post.sync (/Users/Mohammedsameers/SurveySparrow_Training/instaProject/server/node_modules/sequelize/lib/model.js:979:17)\n    at async Sequelize.sync (/Users/Mohammedsameers/SurveySparrow_Training/instaProject/server/node_modules/sequelize/lib/sequelize.js:377:9)","table":"Posts","timestamp":"2025-08-26T09:34:47.535Z"}
error: Error syncing database: Cannot read properties of null (reading '1') {"stack":"TypeError: Cannot read properties of null (reading '1')\n    at Query.run (/Users/Mohammedsameers/SurveySparrow_Training/instaProject/server/node_modules/sequelize/lib/dialects/postgres/query.js:97:86)\n    at process.processTicksAndRejections (node:internal/process/task_queues:105:5)\n    at async /Users/Mohammedsameers/SurveySparrow_Training/instaProject/server/node_modules/sequelize/lib/sequelize.js:315:16\n    at async PostgresQueryInterface.showIndex (/Users/Mohammedsameers/SurveySparrow_Training/instaProject/server/node_modules/sequelize/lib/dialects/abstract/query-interface.js:254:12)\n    at async Notification.sync (/Users/Mohammedsameers/SurveySparrow_Training/instaProject/server/node_modules/sequelize/lib/model.js:988:29)\n    at async Sequelize.sync (/Users/Mohammedsameers/SurveySparrow_Training/instaProject/server/node_modules/sequelize/lib/sequelize.js:377:9)","timestamp":"2025-08-26T09:34:48.416Z"}
info: Database synced successfully {"timestamp":"2025-08-26T09:34:48.586Z"}
info: Server started at port : 8080 {"timestamp":"2025-08-26T09:34:55.160Z"}
info: Server started at port : 8080 {"timestamp":"2025-08-26T09:34:55.160Z"}
info: Server started at port : 8080 {"timestamp":"2025-08-26T09:34:55.160Z"}
error: Error syncing database: Unknown constraint error {"constraint":"Posts_userId_fkey","name":"SequelizeUnknownConstraintError","original":{"code":"42704","file":"tablecmds.c","length":135,"line":"11720","name":"error","routine":"ATExecDropConstraint","severity":"ERROR","sql":"ALTER TABLE \"Posts\" DROP CONSTRAINT \"Posts_userId_fkey\""},"parameters":{},"parent":{"code":"42704","file":"tablecmds.c","length":135,"line":"11720","name":"error","routine":"ATExecDropConstraint","severity":"ERROR","sql":"ALTER TABLE \"Posts\" DROP CONSTRAINT \"Posts_userId_fkey\""},"sql":"ALTER TABLE \"Posts\" DROP CONSTRAINT \"Posts_userId_fkey\"","stack":"Error\n    at Query.run (/Users/Mohammedsameers/SurveySparrow_Training/instaProject/server/node_modules/sequelize/lib/dialects/postgres/query.js:50:25)\n    at /Users/Mohammedsameers/SurveySparrow_Training/instaProject/server/node_modules/sequelize/lib/sequelize.js:315:28\n    at process.processTicksAndRejections (node:internal/process/task_queues:105:5)\n    at async Post.sync (/Users/Mohammedsameers/SurveySparrow_Training/instaProject/server/node_modules/sequelize/lib/model.js:979:17)\n    at async Sequelize.sync (/Users/Mohammedsameers/SurveySparrow_Training/instaProject/server/node_modules/sequelize/lib/sequelize.js:377:9)","table":"Posts","timestamp":"2025-08-26T09:34:56.723Z"}
info: Database synced successfully {"timestamp":"2025-08-26T09:34:57.624Z"}
info: Database synced successfully {"timestamp":"2025-08-26T09:34:57.798Z"}
info: Server started at port : 8080 {"timestamp":"2025-08-26T09:35:14.671Z"}
info: Server started at port : 8080 {"timestamp":"2025-08-26T09:35:14.671Z"}
info: Server started at port : 8080 {"timestamp":"2025-08-26T09:35:14.671Z"}
error: Error syncing database: Unknown constraint error {"constraint":"Posts_userId_fkey","name":"SequelizeUnknownConstraintError","original":{"code":"42704","file":"tablecmds.c","length":135,"line":"11720","name":"error","routine":"ATExecDropConstraint","severity":"ERROR","sql":"ALTER TABLE \"Posts\" DROP CONSTRAINT \"Posts_userId_fkey\""},"parameters":{},"parent":{"code":"42704","file":"tablecmds.c","length":135,"line":"11720","name":"error","routine":"ATExecDropConstraint","severity":"ERROR","sql":"ALTER TABLE \"Posts\" DROP CONSTRAINT \"Posts_userId_fkey\""},"sql":"ALTER TABLE \"Posts\" DROP CONSTRAINT \"Posts_userId_fkey\"","stack":"Error\n    at Query.run (/Users/Mohammedsameers/SurveySparrow_Training/instaProject/server/node_modules/sequelize/lib/dialects/postgres/query.js:50:25)\n    at /Users/Mohammedsameers/SurveySparrow_Training/instaProject/server/node_modules/sequelize/lib/sequelize.js:315:28\n    at process.processTicksAndRejections (node:internal/process/task_queues:105:5)\n    at async Post.sync (/Users/Mohammedsameers/SurveySparrow_Training/instaProject/server/node_modules/sequelize/lib/model.js:979:17)\n    at async Sequelize.sync (/Users/Mohammedsameers/SurveySparrow_Training/instaProject/server/node_modules/sequelize/lib/sequelize.js:377:9)","table":"Posts","timestamp":"2025-08-26T09:35:16.145Z"}
error: Error syncing database: Unknown constraint error {"constraint":"Posts_userId_fkey","name":"SequelizeUnknownConstraintError","original":{"code":"42704","file":"tablecmds.c","length":135,"line":"11720","name":"error","routine":"ATExecDropConstraint","severity":"ERROR","sql":"ALTER TABLE \"Posts\" DROP CONSTRAINT \"Posts_userId_fkey\""},"parameters":{},"parent":{"code":"42704","file":"tablecmds.c","length":135,"line":"11720","name":"error","routine":"ATExecDropConstraint","severity":"ERROR","sql":"ALTER TABLE \"Posts\" DROP CONSTRAINT \"Posts_userId_fkey\""},"sql":"ALTER TABLE \"Posts\" DROP CONSTRAINT \"Posts_userId_fkey\"","stack":"Error\n    at Query.run (/Users/Mohammedsameers/SurveySparrow_Training/instaProject/server/node_modules/sequelize/lib/dialects/postgres/query.js:50:25)\n    at /Users/Mohammedsameers/SurveySparrow_Training/instaProject/server/node_modules/sequelize/lib/sequelize.js:315:28\n    at process.processTicksAndRejections (node:internal/process/task_queues:105:5)\n    at async Post.sync (/Users/Mohammedsameers/SurveySparrow_Training/instaProject/server/node_modules/sequelize/lib/model.js:979:17)\n    at async Sequelize.sync (/Users/Mohammedsameers/SurveySparrow_Training/instaProject/server/node_modules/sequelize/lib/sequelize.js:377:9)","table":"Posts","timestamp":"2025-08-26T09:35:16.145Z"}
info: Database synced successfully {"timestamp":"2025-08-26T09:35:16.870Z"}
info: GET /like/getUserLikes?page=1&limit=20 | User: Anonymous | Status: 500 | 171ms {"timestamp":"2025-08-26T09:36:03.662Z"}
info: GET /like/getUserLikes?page=1&limit=20 | User: Anonymous | Status: 500 | 145ms {"timestamp":"2025-08-26T09:36:04.632Z"}
info: GET /like/getUserLikes?page=1&limit=20 | User: Anonymous | Status: 500 | 177ms {"timestamp":"2025-08-26T09:36:15.664Z"}
info: GET /like/getUserLikes?page=1&limit=20 | User: Anonymous | Status: 500 | 169ms {"timestamp":"2025-08-26T09:36:16.656Z"}
info: GET /like/getUserLikes?page=1&limit=20 | User: Anonymous | Status: 500 | 159ms {"timestamp":"2025-08-26T09:36:37.646Z"}
info: GET /like/getUserLikes?page=1&limit=20 | User: Anonymous | Status: 500 | 149ms {"timestamp":"2025-08-26T09:36:48.634Z"}
info: Server started at port : 8080 {"timestamp":"2025-08-26T09:37:51.579Z"}
info: Database synced successfully {"timestamp":"2025-08-26T09:37:53.133Z"}
info: GET /like/getUserLikes?page=1&limit=20 | User: Anonymous | Status: 500 | 187ms {"timestamp":"2025-08-26T09:38:06.801Z"}
info: GET /like/getUserLikes?page=1&limit=20 | User: Anonymous | Status: 500 | 182ms {"timestamp":"2025-08-26T09:38:32.664Z"}
info: GET /favicon.ico | User: Anonymous | Status: 404 | 5ms {"timestamp":"2025-08-26T09:38:32.684Z"}
info: Server started at port : 8080 {"timestamp":"2025-08-26T09:39:10.213Z"}
info: Database synced successfully {"timestamp":"2025-08-26T09:39:11.636Z"}
info: Server started at port : 8080 {"timestamp":"2025-08-26T09:40:20.981Z"}
info: Server started at port : 8080 {"timestamp":"2025-08-26T09:40:20.981Z"}
error: Error syncing database: Unknown constraint error {"constraint":"Followers_followingId_fkey","name":"SequelizeUnknownConstraintError","original":{"code":"42704","file":"tablecmds.c","length":148,"line":"11720","name":"error","routine":"ATExecDropConstraint","severity":"ERROR","sql":"ALTER TABLE \"Followers\" DROP CONSTRAINT \"Followers_followingId_fkey\""},"parameters":{},"parent":{"code":"42704","file":"tablecmds.c","length":148,"line":"11720","name":"error","routine":"ATExecDropConstraint","severity":"ERROR","sql":"ALTER TABLE \"Followers\" DROP CONSTRAINT \"Followers_followingId_fkey\""},"sql":"ALTER TABLE \"Followers\" DROP CONSTRAINT \"Followers_followingId_fkey\"","stack":"Error\n    at Query.run (/Users/Mohammedsameers/SurveySparrow_Training/instaProject/server/node_modules/sequelize/lib/dialects/postgres/query.js:50:25)\n    at /Users/Mohammedsameers/SurveySparrow_Training/instaProject/server/node_modules/sequelize/lib/sequelize.js:315:28\n    at process.processTicksAndRejections (node:internal/process/task_queues:105:5)\n    at async Follower.sync (/Users/Mohammedsameers/SurveySparrow_Training/instaProject/server/node_modules/sequelize/lib/model.js:979:17)\n    at async Sequelize.sync (/Users/Mohammedsameers/SurveySparrow_Training/instaProject/server/node_modules/sequelize/lib/sequelize.js:377:9)","table":"Followers","timestamp":"2025-08-26T09:40:22.589Z"}
info: Database synced successfully {"timestamp":"2025-08-26T09:40:22.889Z"}
info: Server started at port : 8080 {"timestamp":"2025-08-26T09:41:08.009Z"}
info: Server started at port : 8080 {"timestamp":"2025-08-26T09:41:08.009Z"}
info: Database synced successfully {"timestamp":"2025-08-26T09:41:10.179Z"}
info: Database synced successfully {"timestamp":"2025-08-26T09:41:10.355Z"}
info: GET /like/getUserLikes?page=1&limit=20 | User: Anonymous | Status: 500 | 176ms {"timestamp":"2025-08-26T09:41:17.305Z"}
info: Server started at port : 8080 {"timestamp":"2025-08-26T09:42:33.325Z"}
info: Server started at port : 8080 {"timestamp":"2025-08-26T09:42:33.325Z"}
error: Error syncing database: Unknown constraint error {"constraint":"Posts_userId_fkey","name":"SequelizeUnknownConstraintError","original":{"code":"42704","file":"tablecmds.c","length":135,"line":"11720","name":"error","routine":"ATExecDropConstraint","severity":"ERROR","sql":"ALTER TABLE \"Posts\" DROP CONSTRAINT \"Posts_userId_fkey\""},"parameters":{},"parent":{"code":"42704","file":"tablecmds.c","length":135,"line":"11720","name":"error","routine":"ATExecDropConstraint","severity":"ERROR","sql":"ALTER TABLE \"Posts\" DROP CONSTRAINT \"Posts_userId_fkey\""},"sql":"ALTER TABLE \"Posts\" DROP CONSTRAINT \"Posts_userId_fkey\"","stack":"Error\n    at Query.run (/Users/Mohammedsameers/SurveySparrow_Training/instaProject/server/node_modules/sequelize/lib/dialects/postgres/query.js:50:25)\n    at /Users/Mohammedsameers/SurveySparrow_Training/instaProject/server/node_modules/sequelize/lib/sequelize.js:315:28\n    at process.processTicksAndRejections (node:internal/process/task_queues:105:5)\n    at async Post.sync (/Users/Mohammedsameers/SurveySparrow_Training/instaProject/server/node_modules/sequelize/lib/model.js:979:17)\n    at async Sequelize.sync (/Users/Mohammedsameers/SurveySparrow_Training/instaProject/server/node_modules/sequelize/lib/sequelize.js:377:9)","table":"Posts","timestamp":"2025-08-26T09:42:34.371Z"}
info: Database synced successfully {"timestamp":"2025-08-26T09:42:35.167Z"}
info: Server started at port : 8080 {"timestamp":"2025-08-26T09:42:45.558Z"}
info: Server started at port : 8080 {"timestamp":"2025-08-26T09:42:45.558Z"}
error: Error syncing database: Unknown constraint error {"constraint":"Posts_userId_fkey","name":"SequelizeUnknownConstraintError","original":{"code":"42704","file":"tablecmds.c","length":135,"line":"11720","name":"error","routine":"ATExecDropConstraint","severity":"ERROR","sql":"ALTER TABLE \"Posts\" DROP CONSTRAINT \"Posts_userId_fkey\""},"parameters":{},"parent":{"code":"42704","file":"tablecmds.c","length":135,"line":"11720","name":"error","routine":"ATExecDropConstraint","severity":"ERROR","sql":"ALTER TABLE \"Posts\" DROP CONSTRAINT \"Posts_userId_fkey\""},"sql":"ALTER TABLE \"Posts\" DROP CONSTRAINT \"Posts_userId_fkey\"","stack":"Error\n    at Query.run (/Users/Mohammedsameers/SurveySparrow_Training/instaProject/server/node_modules/sequelize/lib/dialects/postgres/query.js:50:25)\n    at /Users/Mohammedsameers/SurveySparrow_Training/instaProject/server/node_modules/sequelize/lib/sequelize.js:315:28\n    at process.processTicksAndRejections (node:internal/process/task_queues:105:5)\n    at async Post.sync (/Users/Mohammedsameers/SurveySparrow_Training/instaProject/server/node_modules/sequelize/lib/model.js:979:17)\n    at async Sequelize.sync (/Users/Mohammedsameers/SurveySparrow_Training/instaProject/server/node_modules/sequelize/lib/sequelize.js:377:9)","table":"Posts","timestamp":"2025-08-26T09:42:46.631Z"}
info: Database synced successfully {"timestamp":"2025-08-26T09:42:47.361Z"}
info: Server started at port : 8080 {"timestamp":"2025-08-26T09:42:56.747Z"}
info: Server started at port : 8080 {"timestamp":"2025-08-26T09:42:56.747Z"}
info: Server started at port : 8080 {"timestamp":"2025-08-26T09:42:57.677Z"}
info: Server started at port : 8080 {"timestamp":"2025-08-26T09:42:57.677Z"}
error: Error syncing database: Cannot read properties of null (reading '1') {"stack":"TypeError: Cannot read properties of null (reading '1')\n    at Query.run (/Users/Mohammedsameers/SurveySparrow_Training/instaProject/server/node_modules/sequelize/lib/dialects/postgres/query.js:97:86)\n    at process.processTicksAndRejections (node:internal/process/task_queues:105:5)\n    at async /Users/Mohammedsameers/SurveySparrow_Training/instaProject/server/node_modules/sequelize/lib/sequelize.js:315:16\n    at async PostgresQueryInterface.showIndex (/Users/Mohammedsameers/SurveySparrow_Training/instaProject/server/node_modules/sequelize/lib/dialects/abstract/query-interface.js:254:12)\n    at async Notification.sync (/Users/Mohammedsameers/SurveySparrow_Training/instaProject/server/node_modules/sequelize/lib/model.js:988:29)\n    at async Sequelize.sync (/Users/Mohammedsameers/SurveySparrow_Training/instaProject/server/node_modules/sequelize/lib/sequelize.js:377:9)","timestamp":"2025-08-26T09:42:59.736Z"}
info: Database synced successfully {"timestamp":"2025-08-26T09:42:59.905Z"}
info: GET /like/getUserLikes?page=1&limit=20 | User: Anonymous | Status: 500 | 168ms {"timestamp":"2025-08-26T09:45:03.658Z"}
info: GET /like/getUserLikes?page=1&limit=20 | User: Anonymous | Status: 500 | 165ms {"timestamp":"2025-08-26T09:45:14.659Z"}
info: Server started at port : 8080 {"timestamp":"2025-08-26T09:46:14.213Z"}
info: Database synced successfully {"timestamp":"2025-08-26T09:46:15.654Z"}
info: Server started at port : 8080 {"timestamp":"2025-08-26T09:46:47.724Z"}
info: Database synced successfully {"timestamp":"2025-08-26T09:46:49.197Z"}
info: GET /post/getFeeds?page=1 | User: Anonymous | Status: 200 | 150ms {"timestamp":"2025-08-26T09:46:51.199Z"}
info: GET /like/getUserLikes?page=1&limit=20 | User: Anonymous | Status: 500 | 164ms {"timestamp":"2025-08-26T09:48:26.177Z"}
info: GET /post/getFeeds?page=1 | User: Anonymous | Status: 304 | 177ms {"timestamp":"2025-08-26T09:48:30.496Z"}
info: GET /post/getFeeds?page=1 | User: Anonymous | Status: 304 | 146ms {"timestamp":"2025-08-26T09:48:32.922Z"}
info: GET /like/getUserLikes?page=1&limit=20 | User: Anonymous | Status: 500 | 144ms {"timestamp":"2025-08-26T09:48:34.743Z"}
info: GET /post/getFeeds?page=1 | User: Anonymous | Status: 304 | 171ms {"timestamp":"2025-08-26T09:49:34.536Z"}
info: GET /post/getFeeds?page=1 | User: Anonymous | Status: 304 | 164ms {"timestamp":"2025-08-26T09:49:41.662Z"}
info: GET /notification/get | User: Anonymous | Status: 304 | 135ms {"timestamp":"2025-08-26T09:49:43.217Z"}
info: GET /like/getUserLikes?page=1&limit=20 | User: Anonymous | Status: 500 | 138ms {"timestamp":"2025-08-26T09:49:46.731Z"}
info: GET /notification/activity?page=1&limit=20 | User: Anonymous | Status: 200 | 130ms {"timestamp":"2025-08-26T09:49:51.608Z"}
info: GET /post/getFeeds?page=1 | User: Anonymous | Status: 304 | 146ms {"timestamp":"2025-08-26T09:50:00.442Z"}
info: GET /like/getUserLikes?page=1&limit=20 | User: Anonymous | Status: 500 | 162ms {"timestamp":"2025-08-26T09:50:02.191Z"}
info: Server started at port : 8080 {"timestamp":"2025-08-26T09:52:24.246Z"}
info: Database synced successfully {"timestamp":"2025-08-26T09:52:25.651Z"}
info: GET /post/getFeeds?page=1 | User: Anonymous | Status: 304 | 155ms {"timestamp":"2025-08-26T09:52:36.266Z"}
info: GET /like/getUserLikes?page=1&limit=20 | User: Anonymous | Status: 500 | 148ms {"timestamp":"2025-08-26T09:52:39.063Z"}
info: GET /post/getMyPost?page=1&limit=20 | User: Anonymous | Status: 200 | 9ms {"timestamp":"2025-08-26T09:52:40.884Z"}
info: POST /like/add | User: Anonymous | Status: 200 | 6ms {"timestamp":"2025-08-26T09:52:45.129Z"}
info: GET /post/getFeeds?page=1 | User: Anonymous | Status: 304 | 175ms {"timestamp":"2025-08-26T09:52:50.752Z"}
info: POST /post/search | User: Anonymous | Status: 200 | 165ms {"timestamp":"2025-08-26T09:52:56.069Z"}
info: POST /post/search | User: Anonymous | Status: 200 | 245ms {"timestamp":"2025-08-26T09:52:58.740Z"}
info: POST /like/add | User: Anonymous | Status: 200 | 6ms {"timestamp":"2025-08-26T09:53:00.962Z"}
info: GET /like/getUserLikes?page=1&limit=20 | User: Anonymous | Status: 500 | 146ms {"timestamp":"2025-08-26T09:53:02.327Z"}
info: GET /like/getUserLikes?page=1&limit=20 | User: Anonymous | Status: 500 | 163ms {"timestamp":"2025-08-26T09:53:04.271Z"}
info: GET /like/getUserLikes?page=1&limit=20 | User: Anonymous | Status: 500 | 155ms {"timestamp":"2025-08-26T09:53:05.739Z"}
info: GET /notification/get | User: Anonymous | Status: 304 | 170ms {"timestamp":"2025-08-26T09:53:12.123Z"}
info: GET /like/getUserLikes?page=1&limit=20 | User: Anonymous | Status: 500 | 168ms {"timestamp":"2025-08-26T09:57:32.514Z"}
info: GET /post/getFeeds?page=1 | User: Anonymous | Status: 304 | 146ms {"timestamp":"2025-08-26T09:57:34.108Z"}
info: GET /post/getFeeds?page=1 | User: Anonymous | Status: 304 | 165ms {"timestamp":"2025-08-26T09:57:35.680Z"}
info: GET /notification/get | User: Anonymous | Status: 304 | 145ms {"timestamp":"2025-08-26T09:57:38.738Z"}
info: GET /post/getMyPost?page=1&limit=20 | User: Anonymous | Status: 304 | 6ms {"timestamp":"2025-08-26T09:57:42.220Z"}
info: POST /like/add | User: Anonymous | Status: 200 | 4ms {"timestamp":"2025-08-26T09:57:46.475Z"}
info: GET /like/getUserLikes?page=1&limit=20 | User: Anonymous | Status: 500 | 148ms {"timestamp":"2025-08-26T09:57:48.994Z"}
info: GET /like/getUserLikes?page=1&limit=20 | User: Anonymous | Status: 500 | 158ms {"timestamp":"2025-08-26T09:57:50.610Z"}
info: GET /notification/get | User: Anonymous | Status: 304 | 137ms {"timestamp":"2025-08-26T09:57:53.616Z"}
info: GET /like/getUserLikes?page=1&limit=20 | User: Anonymous | Status: 500 | 143ms {"timestamp":"2025-08-26T09:57:55.670Z"}
info: GET /notification/activity?page=1&limit=20 | User: Anonymous | Status: 304 | 144ms {"timestamp":"2025-08-26T09:57:57.481Z"}
info: GET /like/getUserLikes?page=1&limit=20 | User: Anonymous | Status: 500 | 152ms {"timestamp":"2025-08-26T09:58:00.659Z"}
info: GET /post/getMyPost?page=1&limit=20 | User: Anonymous | Status: 304 | 8ms {"timestamp":"2025-08-26T09:58:02.105Z"}
info: GET /like/getUserLikes?page=1&limit=20 | User: Anonymous | Status: 500 | 142ms {"timestamp":"2025-08-26T09:58:04.890Z"}
info: GET /post/getFeeds?page=1 | User: Anonymous | Status: 304 | 184ms {"timestamp":"2025-08-26T10:00:22.742Z"}
info: POST /like/add | User: Anonymous | Status: 201 | 145ms {"timestamp":"2025-08-26T10:00:25.425Z"}
info: GET /notification/activity?page=1&limit=20 | User: Anonymous | Status: 200 | 167ms {"timestamp":"2025-08-26T10:00:26.771Z"}
info: GET /like/getUserLikes?page=1&limit=20 | User: Anonymous | Status: 500 | 163ms {"timestamp":"2025-08-26T10:00:29.444Z"}
info: GET /like/getUserLikes?page=1&limit=20 | User: Anonymous | Status: 500 | 166ms {"timestamp":"2025-08-26T10:01:00.801Z"}
info: GET /post/getFeeds?page=1 | User: Anonymous | Status: 200 | 162ms {"timestamp":"2025-08-26T10:01:35.696Z"}
info: Server started at port : 8080 {"timestamp":"2025-08-26T10:02:44.155Z"}
info: Server started at port : 8080 {"timestamp":"2025-08-26T10:02:44.156Z"}
info: Database synced successfully {"timestamp":"2025-08-26T10:02:46.311Z"}
info: Database synced successfully {"timestamp":"2025-08-26T10:02:46.485Z"}
info: Server started at port : 8080 {"timestamp":"2025-08-26T10:03:38.750Z"}
info: Database synced successfully {"timestamp":"2025-08-26T10:03:40.382Z"}
info: GET /like/getUserLikes?page=1&limit=20 | User: Anonymous | Status: 500 | 152ms {"timestamp":"2025-08-26T10:03:43.632Z"}
info: GET /like/getUserLikes?page=1&limit=20 | User: Anonymous | Status: 500 | 160ms {"timestamp":"2025-08-26T10:03:45.556Z"}
info: GET /like/getUserLikes?page=1&limit=20 | User: Anonymous | Status: 500 | 167ms {"timestamp":"2025-08-26T10:03:55.152Z"}
info: GET /like/getUserLikes?page=1&limit=20 | User: Anonymous | Status: 500 | 169ms {"timestamp":"2025-08-26T10:04:10.985Z"}
info: Server started at port : 8080 {"timestamp":"2025-08-26T10:04:28.361Z"}
info: Database synced successfully {"timestamp":"2025-08-26T10:04:29.821Z"}
info: Server started at port : 8080 {"timestamp":"2025-08-26T10:04:59.593Z"}
info: Database synced successfully {"timestamp":"2025-08-26T10:05:01.079Z"}
info: Server started at port : 8080 {"timestamp":"2025-08-26T10:05:38.267Z"}
info: Server started at port : 8080 {"timestamp":"2025-08-26T10:05:38.267Z"}
error: Error syncing database: Cannot read properties of null (reading '1') {"stack":"TypeError: Cannot read properties of null (reading '1')\n    at Query.run (/Users/Mohammedsameers/SurveySparrow_Training/instaProject/server/node_modules/sequelize/lib/dialects/postgres/query.js:97:86)\n    at process.processTicksAndRejections (node:internal/process/task_queues:105:5)\n    at async /Users/Mohammedsameers/SurveySparrow_Training/instaProject/server/node_modules/sequelize/lib/sequelize.js:315:16\n    at async PostgresQueryInterface.showIndex (/Users/Mohammedsameers/SurveySparrow_Training/instaProject/server/node_modules/sequelize/lib/dialects/abstract/query-interface.js:254:12)\n    at async Post.sync (/Users/Mohammedsameers/SurveySparrow_Training/instaProject/server/node_modules/sequelize/lib/model.js:988:29)\n    at async Sequelize.sync (/Users/Mohammedsameers/SurveySparrow_Training/instaProject/server/node_modules/sequelize/lib/sequelize.js:377:9)","timestamp":"2025-08-26T10:05:39.440Z"}
info: Database synced successfully {"timestamp":"2025-08-26T10:05:40.204Z"}
info: Server started at port : 8080 {"timestamp":"2025-08-26T10:06:23.430Z"}
info: Server started at port : 8080 {"timestamp":"2025-08-26T10:06:23.431Z"}
error: Error syncing database: Cannot read properties of null (reading '1') {"stack":"TypeError: Cannot read properties of null (reading '1')\n    at Query.run (/Users/Mohammedsameers/SurveySparrow_Training/instaProject/server/node_modules/sequelize/lib/dialects/postgres/query.js:97:86)\n    at process.processTicksAndRejections (node:internal/process/task_queues:105:5)\n    at async /Users/Mohammedsameers/SurveySparrow_Training/instaProject/server/node_modules/sequelize/lib/sequelize.js:315:16\n    at async PostgresQueryInterface.showIndex (/Users/Mohammedsameers/SurveySparrow_Training/instaProject/server/node_modules/sequelize/lib/dialects/abstract/query-interface.js:254:12)\n    at async Post.sync (/Users/Mohammedsameers/SurveySparrow_Training/instaProject/server/node_modules/sequelize/lib/model.js:988:29)\n    at async Sequelize.sync (/Users/Mohammedsameers/SurveySparrow_Training/instaProject/server/node_modules/sequelize/lib/sequelize.js:377:9)","timestamp":"2025-08-26T10:06:24.716Z"}
info: Database synced successfully {"timestamp":"2025-08-26T10:06:25.434Z"}
info: GET /like/getUserLikes?page=1&limit=20 | User: Anonymous | Status: 500 | 164ms {"timestamp":"2025-08-26T10:06:31.270Z"}
info: Server started at port : 8080 {"timestamp":"2025-08-26T10:07:27.351Z"}
info: Server started at port : 8080 {"timestamp":"2025-08-26T10:07:27.351Z"}
error: Error syncing database: Unknown constraint error {"constraint":"Posts_userId_fkey","name":"SequelizeUnknownConstraintError","original":{"code":"42704","file":"tablecmds.c","length":135,"line":"11720","name":"error","routine":"ATExecDropConstraint","severity":"ERROR","sql":"ALTER TABLE \"Posts\" DROP CONSTRAINT \"Posts_userId_fkey\""},"parameters":{},"parent":{"code":"42704","file":"tablecmds.c","length":135,"line":"11720","name":"error","routine":"ATExecDropConstraint","severity":"ERROR","sql":"ALTER TABLE \"Posts\" DROP CONSTRAINT \"Posts_userId_fkey\""},"sql":"ALTER TABLE \"Posts\" DROP CONSTRAINT \"Posts_userId_fkey\"","stack":"Error\n    at Query.run (/Users/Mohammedsameers/SurveySparrow_Training/instaProject/server/node_modules/sequelize/lib/dialects/postgres/query.js:50:25)\n    at /Users/Mohammedsameers/SurveySparrow_Training/instaProject/server/node_modules/sequelize/lib/sequelize.js:315:28\n    at process.processTicksAndRejections (node:internal/process/task_queues:105:5)\n    at async Post.sync (/Users/Mohammedsameers/SurveySparrow_Training/instaProject/server/node_modules/sequelize/lib/model.js:979:17)\n    at async Sequelize.sync (/Users/Mohammedsameers/SurveySparrow_Training/instaProject/server/node_modules/sequelize/lib/sequelize.js:377:9)","table":"Posts","timestamp":"2025-08-26T10:07:28.509Z"}
info: Database synced successfully {"timestamp":"2025-08-26T10:07:29.206Z"}
info: GET /like/getUserLikes?page=1&limit=20 | User: Anonymous | Status: 500 | 160ms {"timestamp":"2025-08-26T10:07:37.461Z"}
info: GET /like/getUserLikes?page=1&limit=20 | User: Anonymous | Status: 500 | 149ms {"timestamp":"2025-08-26T10:07:38.493Z"}
info: Server started at port : 8080 {"timestamp":"2025-08-26T10:07:54.125Z"}
info: Server started at port : 8080 {"timestamp":"2025-08-26T10:07:54.125Z"}
error: Error syncing database: Unknown constraint error {"constraint":"Posts_userId_fkey","name":"SequelizeUnknownConstraintError","original":{"code":"42704","file":"tablecmds.c","length":135,"line":"11720","name":"error","routine":"ATExecDropConstraint","severity":"ERROR","sql":"ALTER TABLE \"Posts\" DROP CONSTRAINT \"Posts_userId_fkey\""},"parameters":{},"parent":{"code":"42704","file":"tablecmds.c","length":135,"line":"11720","name":"error","routine":"ATExecDropConstraint","severity":"ERROR","sql":"ALTER TABLE \"Posts\" DROP CONSTRAINT \"Posts_userId_fkey\""},"sql":"ALTER TABLE \"Posts\" DROP CONSTRAINT \"Posts_userId_fkey\"","stack":"Error\n    at Query.run (/Users/Mohammedsameers/SurveySparrow_Training/instaProject/server/node_modules/sequelize/lib/dialects/postgres/query.js:50:25)\n    at /Users/Mohammedsameers/SurveySparrow_Training/instaProject/server/node_modules/sequelize/lib/sequelize.js:315:28\n    at process.processTicksAndRejections (node:internal/process/task_queues:105:5)\n    at async Post.sync (/Users/Mohammedsameers/SurveySparrow_Training/instaProject/server/node_modules/sequelize/lib/model.js:979:17)\n    at async Sequelize.sync (/Users/Mohammedsameers/SurveySparrow_Training/instaProject/server/node_modules/sequelize/lib/sequelize.js:377:9)","table":"Posts","timestamp":"2025-08-26T10:07:55.276Z"}
info: Database synced successfully {"timestamp":"2025-08-26T10:07:56.024Z"}
info: Server started at port : 8080 {"timestamp":"2025-08-26T10:08:50.143Z"}
info: Server started at port : 8080 {"timestamp":"2025-08-26T10:08:50.143Z"}
info: Server started at port : 8080 {"timestamp":"2025-08-26T10:08:51.554Z"}
info: Server started at port : 8080 {"timestamp":"2025-08-26T10:08:51.554Z"}
error: Error syncing database: Cannot read properties of null (reading '1') {"stack":"TypeError: Cannot read properties of null (reading '1')\n    at Query.run (/Users/Mohammedsameers/SurveySparrow_Training/instaProject/server/node_modules/sequelize/lib/dialects/postgres/query.js:97:86)\n    at process.processTicksAndRejections (node:internal/process/task_queues:105:5)\n    at async /Users/Mohammedsameers/SurveySparrow_Training/instaProject/server/node_modules/sequelize/lib/sequelize.js:315:16\n    at async PostgresQueryInterface.showIndex (/Users/Mohammedsameers/SurveySparrow_Training/instaProject/server/node_modules/sequelize/lib/dialects/abstract/query-interface.js:254:12)\n    at async Notification.sync (/Users/Mohammedsameers/SurveySparrow_Training/instaProject/server/node_modules/sequelize/lib/model.js:988:29)\n    at async Sequelize.sync (/Users/Mohammedsameers/SurveySparrow_Training/instaProject/server/node_modules/sequelize/lib/sequelize.js:377:9)","timestamp":"2025-08-26T10:08:53.657Z"}
info: Database synced successfully {"timestamp":"2025-08-26T10:08:53.828Z"}
info: GET /like/getUserLikes?page=1&limit=20 | User: Anonymous | Status: 500 | 183ms {"timestamp":"2025-08-26T10:08:59.663Z"}
info: GET /post/getFeeds?page=1 | User: Anonymous | Status: 304 | 150ms {"timestamp":"2025-08-26T10:09:00.881Z"}
info: GET /notification/get | User: Anonymous | Status: 304 | 161ms {"timestamp":"2025-08-26T10:09:03.915Z"}
info: GET /post/getMyPost?page=1&limit=20 | User: Anonymous | Status: 200 | 11ms {"timestamp":"2025-08-26T10:09:06.299Z"}
info: POST /like/add | User: Anonymous | Status: 200 | 6ms {"timestamp":"2025-08-26T10:09:10.832Z"}
info: GET /like/getUserLikes?page=1&limit=20 | User: Anonymous | Status: 500 | 150ms {"timestamp":"2025-08-26T10:09:17.945Z"}
info: GET /notification/activity?page=1&limit=20 | User: Anonymous | Status: 304 | 143ms {"timestamp":"2025-08-26T10:09:19.771Z"}
info: GET /post/getFeeds?page=1 | User: Anonymous | Status: 304 | 156ms {"timestamp":"2025-08-26T10:09:27.109Z"}
info: POST /like/add | User: Anonymous | Status: 201 | 220ms {"timestamp":"2025-08-26T10:09:30.791Z"}
info: GET /like/getUserLikes?page=1&limit=20 | User: Anonymous | Status: 500 | 152ms {"timestamp":"2025-08-26T10:09:33.934Z"}
info: GET /notification/activity?page=1&limit=20 | User: Anonymous | Status: 200 | 147ms {"timestamp":"2025-08-26T10:09:36.244Z"}
info: Server started at port : 8080 {"timestamp":"2025-08-26T10:11:03.730Z"}
info: Database synced successfully {"timestamp":"2025-08-26T10:11:05.228Z"}
info: Server started at port : 8080 {"timestamp":"2025-08-26T10:46:13.153Z"}
info: GET /like/getUserLikes?page=1&limit=20 | User: sameer_1n | Status: 500 | 523ms {"timestamp":"2025-08-26T10:46:13.696Z"}
info: GET /users/getCurrentUser | User: sameer_1n | Status: 500 | 518ms {"timestamp":"2025-08-26T10:46:13.698Z"}
info: GET /users/getCurrentUser | User: sameer_1n | Status: 200 | 400ms {"timestamp":"2025-08-26T10:46:14.102Z"}
info: GET /uploads/1756203690899-image.webp | User: Anonymous | Status: 304 | 5ms {"timestamp":"2025-08-26T10:46:14.112Z"}
info: GET /notification/get | User: sameer_1n | Status: 304 | 139ms {"timestamp":"2025-08-26T10:46:14.524Z"}
info: Database synced successfully {"timestamp":"2025-08-26T10:46:15.239Z"}
info: GET /users/getCurrentUser | User: sameer_1n | Status: 304 | 169ms {"timestamp":"2025-08-26T10:46:17.338Z"}
info: GET /post/getMyPost?page=1&limit=20 | User: sameer_1n | Status: 304 | 10ms {"timestamp":"2025-08-26T10:46:17.855Z"}
info: GET /uploads/1756185339062-image.jpeg | User: Anonymous | Status: 304 | 3ms {"timestamp":"2025-08-26T10:46:17.877Z"}
info: GET /uploads/1756189953803-image.jpeg | User: Anonymous | Status: 304 | 3ms {"timestamp":"2025-08-26T10:46:17.879Z"}
info: GET /uploads/1756044350942-image.jpg | User: Anonymous | Status: 304 | 0ms {"timestamp":"2025-08-26T10:46:17.880Z"}
info: GET /uploads/1756034723744-image.jpeg | User: Anonymous | Status: 304 | 1ms {"timestamp":"2025-08-26T10:46:17.881Z"}
info: GET /uploads/1756022728404-image.jpeg | User: Anonymous | Status: 304 | 0ms {"timestamp":"2025-08-26T10:46:17.881Z"}
info: GET /uploads/1756022537571-image.webp | User: Anonymous | Status: 304 | 0ms {"timestamp":"2025-08-26T10:46:17.882Z"}
info: Server started at port : 8080 {"timestamp":"2025-08-26T10:47:35.449Z"}
info: Database synced successfully {"timestamp":"2025-08-26T10:47:36.916Z"}
info: GET /post/getMyPost?page=1&limit=20 | User: sameer_1n | Status: 304 | 15ms {"timestamp":"2025-08-26T10:48:34.906Z"}
info: GET /uploads/1756203690899-image.webp | User: Anonymous | Status: 304 | 1ms {"timestamp":"2025-08-26T10:48:34.927Z"}
info: GET /uploads/1756185339062-image.jpeg | User: Anonymous | Status: 304 | 0ms {"timestamp":"2025-08-26T10:48:34.928Z"}
info: GET /uploads/1756189953803-image.jpeg | User: Anonymous | Status: 304 | 0ms {"timestamp":"2025-08-26T10:48:34.928Z"}
info: GET /uploads/1756044350942-image.jpg | User: Anonymous | Status: 304 | 0ms {"timestamp":"2025-08-26T10:48:34.929Z"}
info: GET /uploads/1756034723744-image.jpeg | User: Anonymous | Status: 304 | 0ms {"timestamp":"2025-08-26T10:48:34.931Z"}
info: GET /uploads/1756022728404-image.jpeg | User: Anonymous | Status: 304 | 1ms {"timestamp":"2025-08-26T10:48:34.932Z"}
info: GET /uploads/1756022537571-image.webp | User: Anonymous | Status: 304 | 1ms {"timestamp":"2025-08-26T10:48:34.933Z"}
info: GET /users/getCurrentuser | User: sameer_1n | Status: 200 | 161ms {"timestamp":"2025-08-26T10:48:35.047Z"}
info: GET /post/getMyPost?page=1&limit=20 | User: sameer_1n | Status: 304 | 3ms {"timestamp":"2025-08-26T10:48:42.887Z"}
info: GET /uploads/1756203690899-image.webp | User: Anonymous | Status: 304 | 0ms {"timestamp":"2025-08-26T10:48:42.894Z"}
info: GET /uploads/1756189953803-image.jpeg | User: Anonymous | Status: 304 | 2ms {"timestamp":"2025-08-26T10:48:42.899Z"}
info: GET /uploads/1756185339062-image.jpeg | User: Anonymous | Status: 304 | 1ms {"timestamp":"2025-08-26T10:48:42.905Z"}
info: GET /uploads/1756044350942-image.jpg | User: Anonymous | Status: 304 | 1ms {"timestamp":"2025-08-26T10:48:42.912Z"}
info: GET /uploads/1756034723744-image.jpeg | User: Anonymous | Status: 304 | 1ms {"timestamp":"2025-08-26T10:48:42.913Z"}
info: GET /uploads/1756022728404-image.jpeg | User: Anonymous | Status: 304 | 1ms {"timestamp":"2025-08-26T10:48:42.914Z"}
info: GET /uploads/1756022537571-image.webp | User: Anonymous | Status: 304 | 1ms {"timestamp":"2025-08-26T10:48:42.915Z"}
info: GET /users/getCurrentuser | User: sameer_1n | Status: 304 | 141ms {"timestamp":"2025-08-26T10:48:43.021Z"}
info: POST /post/getFeeds | User: sameer_1n | Status: 200 | 166ms {"timestamp":"2025-08-26T10:48:53.827Z"}
info: GET /uploads/1756054540618-image.jpeg | User: Anonymous | Status: 304 | 1ms {"timestamp":"2025-08-26T10:48:53.848Z"}
info: GET /uploads/1756054592501-image.jpeg | User: Anonymous | Status: 304 | 1ms {"timestamp":"2025-08-26T10:48:53.849Z"}
info: POST /users/search | User: sameer_1n | Status: 200 | 159ms {"timestamp":"2025-08-26T10:49:02.018Z"}
info: POST /post/getFeeds | User: sameer_1n | Status: 200 | 148ms {"timestamp":"2025-08-26T10:49:04.294Z"}
info: GET /notification/get | User: sameer_1n | Status: 304 | 158ms {"timestamp":"2025-08-26T10:49:08.304Z"}
info: GET /users/getCurrentUser | User: sameer_1n | Status: 304 | 142ms {"timestamp":"2025-08-26T10:49:10.867Z"}
info: PUT /users/update | User: sameer_1n | Status: 200 | 154ms {"timestamp":"2025-08-26T10:49:12.553Z"}
info: GET /like/getUserLikes | User: sameer_11 | Status: 500 | 501ms {"timestamp":"2025-08-26T10:50:38.479Z"}
info: POST /users/login | User: Anonymous | Status: 200 | 154ms {"timestamp":"2025-08-26T10:50:56.350Z"}
info: GET /like/getUserLikes | User: sameer_1n | Status: 500 | 486ms {"timestamp":"2025-08-26T10:51:05.881Z"}
info: GET /users/getCurrentUser | User: sameer_1n | Status: 304 | 219ms {"timestamp":"2025-08-26T10:52:41.186Z"}
info: GET /users/getCurrentuser | User: sameer_1n | Status: 304 | 223ms {"timestamp":"2025-08-26T10:52:41.187Z"}
info: GET /uploads/1756203690899-image.webp | User: Anonymous | Status: 304 | 2ms {"timestamp":"2025-08-26T10:52:41.192Z"}
info: GET /like/getUserLikes?page=1&limit=20 | User: sameer_1n | Status: 500 | 487ms {"timestamp":"2025-08-26T10:52:43.702Z"}
info: Server started at port : 8080 {"timestamp":"2025-08-26T10:53:26.481Z"}
info: Database synced successfully {"timestamp":"2025-08-26T10:53:27.963Z"}
info: GET /like/getUserLikes | User: sameer_1n | Status: 500 | 499ms {"timestamp":"2025-08-26T10:53:37.150Z"}
info: POST /post/getFeeds | User: sameer_1n | Status: 200 | 170ms {"timestamp":"2025-08-26T10:54:49.997Z"}
info: GET /uploads/1756022728404-image.jpeg | User: Anonymous | Status: 304 | 2ms {"timestamp":"2025-08-26T10:54:50.016Z"}
info: GET /uploads/1756054592501-image.jpeg | User: Anonymous | Status: 304 | 1ms {"timestamp":"2025-08-26T10:54:50.018Z"}
info: GET /uploads/1756054540618-image.jpeg | User: Anonymous | Status: 304 | 1ms {"timestamp":"2025-08-26T10:54:50.019Z"}
info: GET /uploads/1756034723744-image.jpeg | User: Anonymous | Status: 304 | 0ms {"timestamp":"2025-08-26T10:54:50.019Z"}
info: GET /uploads/1756189953803-image.jpeg | User: Anonymous | Status: 304 | 1ms {"timestamp":"2025-08-26T10:54:50.020Z"}
info: GET /uploads/1756185339062-image.jpeg | User: Anonymous | Status: 304 | 0ms {"timestamp":"2025-08-26T10:54:50.021Z"}
info: GET /uploads/1756044350942-image.jpg | User: Anonymous | Status: 304 | 0ms {"timestamp":"2025-08-26T10:54:50.022Z"}
info: Server started at port : 8080 {"timestamp":"2025-08-26T10:54:51.072Z"}
info: Database synced successfully {"timestamp":"2025-08-26T10:54:52.611Z"}
info: Server started at port : 8080 {"timestamp":"2025-08-26T10:55:02.269Z"}
info: Database synced successfully {"timestamp":"2025-08-26T10:55:03.868Z"}
info: GET /like/getUserLikes?page=1&limit=20 | User: sameer_1n | Status: 200 | 208ms {"timestamp":"2025-08-26T10:55:28.563Z"}
info: GET /uploads/1756054540618-image.jpeg | User: Anonymous | Status: 304 | 2ms {"timestamp":"2025-08-26T10:55:28.576Z"}
info: GET /uploads/1756034723744-image.jpeg | User: Anonymous | Status: 304 | 1ms {"timestamp":"2025-08-26T10:55:28.577Z"}
info: GET /uploads/1756185339062-image.jpeg | User: Anonymous | Status: 304 | 0ms {"timestamp":"2025-08-26T10:55:28.577Z"}
info: GET /uploads/1756022728404-image.jpeg | User: Anonymous | Status: 304 | 1ms {"timestamp":"2025-08-26T10:55:28.578Z"}
info: GET /uploads/1756054592501-image.jpeg | User: Anonymous | Status: 304 | 0ms {"timestamp":"2025-08-26T10:55:28.578Z"}
info: GET /uploads/1755763343674-image.webp | User: Anonymous | Status: 304 | 2ms {"timestamp":"2025-08-26T10:55:28.581Z"}
info: GET /uploads/1756022236134-image.jpeg | User: Anonymous | Status: 304 | 3ms {"timestamp":"2025-08-26T10:55:28.582Z"}
info: GET /uploads/1755678081309-image.webp | User: Anonymous | Status: 304 | 3ms {"timestamp":"2025-08-26T10:55:28.583Z"}
info: GET /uploads/1756044350942-image.jpg | User: Anonymous | Status: 304 | 2ms {"timestamp":"2025-08-26T10:55:28.585Z"}
info: GET /uploads/1755952069305-image.webp | User: Anonymous | Status: 304 | 1ms {"timestamp":"2025-08-26T10:55:28.585Z"}
info: GET /uploads/1756022537571-image.webp | User: Anonymous | Status: 304 | 1ms {"timestamp":"2025-08-26T10:55:28.587Z"}
info: GET /uploads/1755970152037-image.webp | User: Anonymous | Status: 304 | 1ms {"timestamp":"2025-08-26T10:55:28.587Z"}
info: GET /like/getUserLikes?page=2&limit=20 | User: sameer_1n | Status: 200 | 171ms {"timestamp":"2025-08-26T10:55:40.048Z"}
info: POST /post/getFeeds | User: sameer_1n | Status: 200 | 147ms {"timestamp":"2025-08-26T10:55:42.507Z"}
info: GET /uploads/1756185339062-image.jpeg | User: Anonymous | Status: 304 | 2ms {"timestamp":"2025-08-26T10:55:42.528Z"}
info: GET /uploads/1756034723744-image.jpeg | User: Anonymous | Status: 304 | 2ms {"timestamp":"2025-08-26T10:55:42.532Z"}
info: GET /uploads/1756022728404-image.jpeg | User: Anonymous | Status: 304 | 1ms {"timestamp":"2025-08-26T10:55:42.532Z"}
info: GET /uploads/1756054540618-image.jpeg | User: Anonymous | Status: 304 | 1ms {"timestamp":"2025-08-26T10:55:42.532Z"}
info: GET /uploads/1756054592501-image.jpeg | User: Anonymous | Status: 304 | 0ms {"timestamp":"2025-08-26T10:55:42.533Z"}
info: GET /uploads/1756044350942-image.jpg | User: Anonymous | Status: 304 | 0ms {"timestamp":"2025-08-26T10:55:42.533Z"}
info: GET /uploads/1756189953803-image.jpeg | User: Anonymous | Status: 304 | 0ms {"timestamp":"2025-08-26T10:55:42.534Z"}
info: GET /post/getMyPost?page=1&limit=20 | User: sameer_1n | Status: 304 | 11ms {"timestamp":"2025-08-26T10:55:48.253Z"}
info: GET /uploads/1756022537571-image.webp | User: Anonymous | Status: 304 | 1ms {"timestamp":"2025-08-26T10:55:48.267Z"}
info: GET /post/getMyPost?page=2&limit=20 | User: sameer_1n | Status: 200 | 8ms {"timestamp":"2025-08-26T10:55:50.179Z"}
info: GET /uploads/1756022236134-image.jpeg | User: Anonymous | Status: 304 | 1ms {"timestamp":"2025-08-26T10:55:50.191Z"}
info: GET /uploads/1755970152037-image.webp | User: Anonymous | Status: 304 | 1ms {"timestamp":"2025-08-26T10:55:50.192Z"}
info: GET /uploads/1756022455400-image.jpeg | User: Anonymous | Status: 304 | 1ms {"timestamp":"2025-08-26T10:55:50.193Z"}
info: GET /uploads/1755974971395-image.webp | User: Anonymous | Status: 304 | 0ms {"timestamp":"2025-08-26T10:55:50.194Z"}
info: POST /post/getFeeds | User: sameer_1n | Status: 200 | 164ms {"timestamp":"2025-08-26T10:55:52.767Z"}
info: GET /uploads/1756054540618-image.jpeg | User: Anonymous | Status: 304 | 1ms {"timestamp":"2025-08-26T10:55:52.776Z"}
info: GET /uploads/1756054592501-image.jpeg | User: Anonymous | Status: 304 | 2ms {"timestamp":"2025-08-26T10:55:52.777Z"}
